20240815	19:29:38	f46a877d-7afb-4d7a-92a8-13d2347bdfa6	Server is running to MongoDB on ac-1lem4aa-shard-00-01.hpttz2v.mongodb.net:4000
20240815	19:30:18	da39a91c-fd18-4a58-8c82-9594dfaa2fa3	Server is running to MongoDB on ac-1lem4aa-shard-00-00.hpttz2v.mongodb.net:4000
20240912	09:22:08	edcded3f-663b-49ad-bd5a-d1ef83f4ef42	Server is running to MongoDB on ac-1lem4aa-shard-00-02.hpttz2v.mongodb.net:4000
20240912	10:58:36	5ba6a217-cd65-4a97-af15-555883c9ff12	Server is running to MongoDB on ac-1lem4aa-shard-00-00.hpttz2v.mongodb.net:4000
20240913	18:53:00	d7af6e1a-83b7-424e-a6e3-0fcbaa685899	Server is running to MongoDB on ac-1lem4aa-shard-00-01.hpttz2v.mongodb.net:4000
20240913	22:15:12	3381fc07-5b12-4c98-9ade-d1bbb808f3a5	Server is running to MongoDB on ac-1lem4aa-shard-00-01.hpttz2v.mongodb.net:4000
20240913	22:22:17	f82b0ea0-6d10-4e9b-95af-5e8f642415e3	Server is running to MongoDB on ac-1lem4aa-shard-00-01.hpttz2v.mongodb.net:4000
20240913	22:24:11	7fa71a36-e1b0-41cb-926c-45d2cd41f832	Server is running to MongoDB on ac-1lem4aa-shard-00-02.hpttz2v.mongodb.net:4000
20240913	22:31:01	59b875ec-bd03-4902-a8e3-7f9d33040ca1	Server is running to MongoDB on ac-1lem4aa-shard-00-02.hpttz2v.mongodb.net:4000
20240913	22:31:18	465f652b-1650-4b82-a75f-f0663312293a	Server is running to MongoDB on ac-1lem4aa-shard-00-02.hpttz2v.mongodb.net:4000
20240913	22:32:07	2ed4094f-4e2d-4d79-befd-7376f6f322f6	Server is running to MongoDB on ac-1lem4aa-shard-00-01.hpttz2v.mongodb.net:4000
20240913	22:32:58	9518efcd-f73a-4d91-9d2a-dd41e47f33a9	Server is running to MongoDB on ac-1lem4aa-shard-00-00.hpttz2v.mongodb.net:4000
20240913	22:34:42	39ff6434-bb17-452c-acfb-8ce9f0217eee	Server is running to MongoDB on ac-1lem4aa-shard-00-01.hpttz2v.mongodb.net:4000
20240913	22:43:33	ab41b535-0a6a-4f73-9196-081cb566e78c	Server is running to MongoDB on ac-1lem4aa-shard-00-00.hpttz2v.mongodb.net:4000
20240913	22:52:12	93872fe2-727c-46bb-b055-05077dde2039	Server is running to MongoDB on ac-1lem4aa-shard-00-02.hpttz2v.mongodb.net:4000
20240913	23:02:51	6c26be2c-7bbb-4fce-97df-034ddc1c0f17	Server is running to MongoDB on ac-1lem4aa-shard-00-02.hpttz2v.mongodb.net:4000
20240913	23:15:29	ad1d7e0b-4635-43f3-912f-67cb32c58d0d	Server is running to MongoDB on ac-1lem4aa-shard-00-01.hpttz2v.mongodb.net:4000
20240913	23:20:07	964543e1-d80d-45dc-b623-9db011176fec	Server is running to MongoDB on ac-1lem4aa-shard-00-01.hpttz2v.mongodb.net:4000
20240913	23:22:54	abefd7ee-0d67-479d-81b2-5cc7e602715c	Server is running to MongoDB on ac-1lem4aa-shard-00-02.hpttz2v.mongodb.net:4000
20240913	23:23:38	f9ec0a29-d659-4630-b38d-002aefcdfc2c	Server is running to MongoDB on ac-1lem4aa-shard-00-00.hpttz2v.mongodb.net:4000
20240913	23:32:01	d988de1a-fd30-49ec-a5ea-8e4887e37e57	Server is running to MongoDB on ac-1lem4aa-shard-00-02.hpttz2v.mongodb.net:4000
20240913	23:33:36	a4bbe114-7507-48f6-b639-9ea8b55cd674	Server is running to MongoDB on ac-1lem4aa-shard-00-02.hpttz2v.mongodb.net:4000
20240913	23:36:33	217e1886-f644-449f-8b44-62815723456f	Server is running to MongoDB on ac-1lem4aa-shard-00-01.hpttz2v.mongodb.net:4000
20240913	23:37:47	06ac3949-6bd4-4281-9866-7eaf9d216e60	Server is running to MongoDB on ac-1lem4aa-shard-00-00.hpttz2v.mongodb.net:4000
20240913	23:42:32	2c2a4625-3030-4362-885f-a05a3cdf0e72	Server is running to MongoDB on ac-1lem4aa-shard-00-02.hpttz2v.mongodb.net:4000
20240913	23:46:16	873875bf-8a24-46cf-8fba-e65bf1332e11	Server is running to MongoDB on ac-1lem4aa-shard-00-01.hpttz2v.mongodb.net:4000
20240913	23:50:14	6b2b4a88-9513-4ae3-b22d-96e82536343e	Server is running to MongoDB on ac-1lem4aa-shard-00-00.hpttz2v.mongodb.net:4000
20240913	23:53:36	17290b03-b302-4ec2-85b7-08add4710008	Server is running to MongoDB on ac-1lem4aa-shard-00-00.hpttz2v.mongodb.net:4000
20240913	23:56:10	ceb891aa-0f99-4b04-a38c-9883a16cd6b1	Server is running to MongoDB on ac-1lem4aa-shard-00-01.hpttz2v.mongodb.net:4000
20240913	23:56:47	f2f9f906-ee94-443c-a242-fb964793ebfe	Server is running to MongoDB on ac-1lem4aa-shard-00-02.hpttz2v.mongodb.net:4000
20240913	23:57:22	9ace495d-7180-47ba-8423-c47f057f2b99	Server is running to MongoDB on ac-1lem4aa-shard-00-00.hpttz2v.mongodb.net:4000
20240913	23:57:37	598321f9-120e-4687-ad9f-aaf83dafbb43	Server is running to MongoDB on ac-1lem4aa-shard-00-01.hpttz2v.mongodb.net:4000
20240914	00:01:41	4cdfc138-43ec-4c6c-a9ef-3529840a9aa1	Server is running to MongoDB on ac-1lem4aa-shard-00-02.hpttz2v.mongodb.net:4000
20240914	00:02:31	3d7e48a1-09ee-478e-92ff-7b18c0e50bc8	Server is running to MongoDB on ac-1lem4aa-shard-00-00.hpttz2v.mongodb.net:4000
20240914	00:06:56	ec362450-f5d8-4f09-8991-37c93f7e6997	Server is running to MongoDB on ac-1lem4aa-shard-00-02.hpttz2v.mongodb.net:4000
20240914	00:08:00	b6c6e931-c8e6-4422-bdd4-386f177cece4	Server is running to MongoDB on ac-1lem4aa-shard-00-02.hpttz2v.mongodb.net:4000
20240914	00:10:13	8a90a115-d047-48f2-b294-17b96bf428d0	Server is running to MongoDB on ac-1lem4aa-shard-00-00.hpttz2v.mongodb.net:4000
20240914	00:10:40	b6f83b5f-bb2c-47a0-81cc-77c95bcfdf6a	Server is running to MongoDB on ac-1lem4aa-shard-00-01.hpttz2v.mongodb.net:4000
20240914	00:12:07	5215eb8f-625b-41c6-886e-2ca5504b2742	Server is running to MongoDB on ac-1lem4aa-shard-00-02.hpttz2v.mongodb.net:4000
20240914	00:12:43	fb33e28a-9479-4048-9c34-2fa6777c91d3	Server is running to MongoDB on ac-1lem4aa-shard-00-00.hpttz2v.mongodb.net:4000
20240914	00:13:31	23fb5648-95c6-4878-8acd-dbe9bfcb6ca9	Server is running to MongoDB on ac-1lem4aa-shard-00-01.hpttz2v.mongodb.net:4000
20240914	00:14:46	8332ac0c-8ab3-413c-9f44-9cbf9b3c6c62	Server is running to MongoDB on ac-1lem4aa-shard-00-02.hpttz2v.mongodb.net:4000
20240914	00:15:39	a31b9331-082d-4c0b-a0b3-b43440194aea	Server is running to MongoDB on ac-1lem4aa-shard-00-00.hpttz2v.mongodb.net:4000
20240914	00:16:12	ad569e45-b7c4-4726-b2ae-901aa0531db2	Server is running to MongoDB on ac-1lem4aa-shard-00-01.hpttz2v.mongodb.net:4000
20240914	00:17:29	bf4cd334-1376-49a2-8046-13cf9a16235a	Server is running to MongoDB on ac-1lem4aa-shard-00-02.hpttz2v.mongodb.net:4000
20240914	00:18:05	d3ddd754-2618-430b-93ec-4f5241f64eb3	Server is running to MongoDB on ac-1lem4aa-shard-00-00.hpttz2v.mongodb.net:4000
20240914	00:21:32	8a963e66-2b5b-468d-949d-5a24966d12dd	Server is running to MongoDB on ac-1lem4aa-shard-00-01.hpttz2v.mongodb.net:4000
20240914	00:33:30	bcff4b71-a27b-452c-8f05-a1b829e29b91	Server is running to MongoDB on ac-1lem4aa-shard-00-02.hpttz2v.mongodb.net:4000
20240914	08:14:00	9aecd5d6-b136-48b5-851c-087d99b852b6	Server is running to MongoDB on ac-1lem4aa-shard-00-01.hpttz2v.mongodb.net:4000
20240914	08:17:42	d3310661-d46f-41f6-bab4-70ddcab71459	Server is running to MongoDB on ac-1lem4aa-shard-00-02.hpttz2v.mongodb.net:4000
20240914	08:19:15	83bf98c7-b76e-42d9-a52f-802f6f9ae205	Server is running to MongoDB on ac-1lem4aa-shard-00-02.hpttz2v.mongodb.net:4000
20240914	08:20:38	012d47c1-f591-4d2a-97e0-1dd12933ad4b	Server is running to MongoDB on ac-1lem4aa-shard-00-00.hpttz2v.mongodb.net:4000
20240914	08:21:46	6e421118-434f-469c-8d19-b2e582461058	Server is running to MongoDB on ac-1lem4aa-shard-00-02.hpttz2v.mongodb.net:4000
20240914	08:22:25	683e00b2-74db-4698-ad08-f178ae4d9a65	Server is running to MongoDB on ac-1lem4aa-shard-00-02.hpttz2v.mongodb.net:4000
20240914	08:23:57	ded8b0b4-3e90-4c9a-9639-70db1e1aaa85	Server is running to MongoDB on ac-1lem4aa-shard-00-02.hpttz2v.mongodb.net:4000
20240914	08:26:22	6cdd8116-ba07-4829-95dc-579b097091a4	Server is running to MongoDB on ac-1lem4aa-shard-00-02.hpttz2v.mongodb.net:4000
20240914	08:28:37	3af4bd15-038c-4fe3-9d5b-c9afdd54b06b	Server is running to MongoDB on ac-1lem4aa-shard-00-02.hpttz2v.mongodb.net:4000
20240914	08:33:35	a8b6de2e-aba5-4847-9641-b770dbee5390	Server is running to MongoDB on ac-1lem4aa-shard-00-01.hpttz2v.mongodb.net:4000
20240914	08:41:30	f47db96b-f68f-416c-b3cc-f1ecdb9ddb2a	Server is running to MongoDB on ac-1lem4aa-shard-00-02.hpttz2v.mongodb.net:4000
20240914	08:43:37	41985622-f745-43e0-9f3e-aa1d868ad8ec	Server is running to MongoDB on ac-1lem4aa-shard-00-00.hpttz2v.mongodb.net:4000
20240914	08:48:14	e2c96e64-b0cc-445d-be12-a83ed410818b	Server is running to MongoDB on ac-1lem4aa-shard-00-01.hpttz2v.mongodb.net:4000
20240914	08:48:54	dc6544a2-8947-4de6-bb96-cb186c15cb84	Server is running to MongoDB on ac-1lem4aa-shard-00-01.hpttz2v.mongodb.net:4000
20240914	08:56:33	3bd10917-baf2-4044-b140-410302999863	Server is running to MongoDB on ac-1lem4aa-shard-00-00.hpttz2v.mongodb.net:4000
20240914	08:57:21	e86b91ec-bd97-4f63-b078-0b22c667b751	Server is running to MongoDB on ac-1lem4aa-shard-00-00.hpttz2v.mongodb.net:4000
20240914	08:57:48	e52a769e-e00a-40cc-957b-67c0f2e84a3f	Server is running to MongoDB on ac-1lem4aa-shard-00-01.hpttz2v.mongodb.net:4000
20240914	09:04:50	641085f9-5549-4dd6-9130-1afd80d7e8ac	Server is running to MongoDB on ac-1lem4aa-shard-00-01.hpttz2v.mongodb.net:4000
20240914	09:08:03	66b1e20b-f459-40c7-b90b-60353d8477d4	Server is running to MongoDB on ac-1lem4aa-shard-00-02.hpttz2v.mongodb.net:4000
20240914	09:09:15	ebc64cb4-6d95-4a9a-8669-062c390a93be	Server is running to MongoDB on ac-1lem4aa-shard-00-01.hpttz2v.mongodb.net:4000
20240914	09:12:19	0c068fb0-ac7f-41ca-8512-43f64e8a158d	Server is running to MongoDB on ac-1lem4aa-shard-00-00.hpttz2v.mongodb.net:4000
20240914	09:14:12	f6bf9871-b845-46fc-a278-b368cc76706d	Server is running to MongoDB on ac-1lem4aa-shard-00-00.hpttz2v.mongodb.net:4000
20240914	09:17:45	79311206-bc06-4dc1-ac3a-de427258293c	Server is running to MongoDB on ac-1lem4aa-shard-00-00.hpttz2v.mongodb.net:4000
20240914	09:17:59	4aea983f-cb36-404d-a4a3-64828ba245c5	Server is running to MongoDB on ac-1lem4aa-shard-00-01.hpttz2v.mongodb.net:4000
20240914	09:18:58	082964d9-34b5-4404-80e1-19d2fd5e59ef	Server is running to MongoDB on ac-1lem4aa-shard-00-01.hpttz2v.mongodb.net:4000
20240914	09:22:20	d5b3df76-2bb9-43b9-b1e5-261e27bef6dd	Server is running to MongoDB on ac-1lem4aa-shard-00-00.hpttz2v.mongodb.net:4000
20240914	09:23:31	6173ca18-2166-4513-a12d-0dc57381684b	Server is running to MongoDB on ac-1lem4aa-shard-00-02.hpttz2v.mongodb.net:4000
20240914	09:25:09	10b7fbe1-1fc8-4217-b4cc-c44dbcb62334	Server is running to MongoDB on ac-1lem4aa-shard-00-00.hpttz2v.mongodb.net:4000
20240914	09:25:52	50afc5c4-fe7e-4d69-b2ab-664147029bf1	Server is running to MongoDB on ac-1lem4aa-shard-00-01.hpttz2v.mongodb.net:4000
20240914	09:26:49	89ab534e-b896-4b73-99e0-cb8cbf515f54	Server is running to MongoDB on ac-1lem4aa-shard-00-01.hpttz2v.mongodb.net:4000
20240914	09:29:27	cc047e8c-1790-4351-8e34-e0389582d944	Server is running to MongoDB on ac-1lem4aa-shard-00-01.hpttz2v.mongodb.net:4000
20240914	09:30:07	06a4fd3a-76bd-48c1-bc6c-a2e388708a95	Server is running to MongoDB on ac-1lem4aa-shard-00-02.hpttz2v.mongodb.net:4000
20240914	09:33:02	4173b671-6fa9-487b-94a1-21ec1cd8f893	Server is running to MongoDB on ac-1lem4aa-shard-00-00.hpttz2v.mongodb.net:4000
20240914	09:34:02	b87825d3-0bfd-4acc-8f02-e145c6744a7f	Server is running to MongoDB on ac-1lem4aa-shard-00-00.hpttz2v.mongodb.net:4000
20240914	09:48:20	04910e64-1bde-4dd8-97a7-8afd395aeb21	Server is running to MongoDB on ac-1lem4aa-shard-00-00.hpttz2v.mongodb.net:4000
20240914	09:50:18	996c6bbb-8418-4d32-807d-63719311836f	Server is running to MongoDB on ac-1lem4aa-shard-00-02.hpttz2v.mongodb.net:4000
20240914	09:51:44	a83b3a50-ca23-42ef-8737-1125c75b82a1	Server is running to MongoDB on ac-1lem4aa-shard-00-00.hpttz2v.mongodb.net:4000
20240914	09:53:12	8aa53a71-48d6-4ed9-8b20-8a42484fa1db	Server is running to MongoDB on ac-1lem4aa-shard-00-02.hpttz2v.mongodb.net:4000
20240914	10:26:12	cf476bf7-aa36-4159-8b52-080dac25e57b	Server is running to MongoDB on ac-1lem4aa-shard-00-00.hpttz2v.mongodb.net:4000
20240914	10:37:24	f15e6985-6ddd-4660-9d73-420d64b26c7c	Server is running to MongoDB on ac-1lem4aa-shard-00-02.hpttz2v.mongodb.net:4000
20240914	10:40:56	df224b93-81cd-43c0-bba0-7e3d10e3ecfb	Server is running to MongoDB on ac-1lem4aa-shard-00-02.hpttz2v.mongodb.net:4000
20240914	10:43:26	d1f30009-a818-4ac4-9daf-8ad749b12dbe	Server is running to MongoDB on ac-1lem4aa-shard-00-02.hpttz2v.mongodb.net:4000
20240914	10:44:18	6a2320d2-5a43-4c15-b009-92a316174ebe	Server is running to MongoDB on ac-1lem4aa-shard-00-02.hpttz2v.mongodb.net:4000
20240914	10:45:26	99cb807d-def0-464b-9303-d73659c1eb20	Server is running to MongoDB on ac-1lem4aa-shard-00-02.hpttz2v.mongodb.net:4000
20240914	10:47:16	5d124a19-4d07-4eb3-a39e-1c405055ee84	Server is running to MongoDB on ac-1lem4aa-shard-00-00.hpttz2v.mongodb.net:4000
20240914	10:48:33	653b1b6d-6bc0-4409-b45b-a35cc4ab9055	Server is running to MongoDB on ac-1lem4aa-shard-00-00.hpttz2v.mongodb.net:4000
20240914	10:48:53	74247956-61e8-4383-8853-bf03fdc2f738	Server is running to MongoDB on ac-1lem4aa-shard-00-00.hpttz2v.mongodb.net:4000
20240914	10:49:24	550a5d29-b3b3-4512-9a82-6a8524007ce5	Server is running to MongoDB on ac-1lem4aa-shard-00-02.hpttz2v.mongodb.net:4000
20240914	10:52:10	1d2b5f84-0fa9-4964-8bda-f7968ae10d5f	Server is running to MongoDB on ac-1lem4aa-shard-00-02.hpttz2v.mongodb.net:4000
20240914	10:52:59	849ea433-2c4b-4f39-8e87-63e6e00ee865	Server is running to MongoDB on ac-1lem4aa-shard-00-02.hpttz2v.mongodb.net:4000
20240914	21:38:47	90dbb224-97d5-4954-9781-63795779f16e	Server is running to MongoDB on ac-1lem4aa-shard-00-00.hpttz2v.mongodb.net:4000
20240915	16:30:25	fa238212-39ff-4a7c-b8f0-ed1262f0585c	Server is running to MongoDB on ac-1lem4aa-shard-00-02.hpttz2v.mongodb.net:4000
20240915	16:30:50	93657e4e-ed81-4e96-9979-81ef89fe6a68	Server is running to MongoDB on ac-1lem4aa-shard-00-02.hpttz2v.mongodb.net:4000
20240915	16:34:11	867f036c-ec8c-44d4-a21c-da608cefe32c	Server is running to MongoDB on ac-1lem4aa-shard-00-01.hpttz2v.mongodb.net:4000
20240915	16:34:55	d7018b1f-580e-43f1-99fe-1ed7a6e2ca12	Server is running to MongoDB on ac-1lem4aa-shard-00-00.hpttz2v.mongodb.net:4000
20240915	16:36:00	0f192181-eb3e-4590-bcd5-97bf850aa73a	Server is running to MongoDB on ac-1lem4aa-shard-00-02.hpttz2v.mongodb.net:4000
20240915	16:36:26	6bdd7dfd-5b11-4989-902c-9188b999f2c7	Server is running to MongoDB on ac-1lem4aa-shard-00-01.hpttz2v.mongodb.net:4000
20240915	16:36:47	c58e18d5-38e1-45df-ab30-a5c0e6c07cc4	Server is running to MongoDB on ac-1lem4aa-shard-00-00.hpttz2v.mongodb.net:4000
20240915	16:37:32	f60af405-ebff-4b69-8e48-9649e6a93b16	Server is running to MongoDB on ac-1lem4aa-shard-00-02.hpttz2v.mongodb.net:4000
20240915	16:39:15	c5f6284c-4147-40b6-a14f-e5cedbebfee0	Server is running to MongoDB on ac-1lem4aa-shard-00-01.hpttz2v.mongodb.net:4000
20240915	16:39:47	4395bd36-1dbc-4e07-8636-7fbd65cca1d1	Server is running to MongoDB on ac-1lem4aa-shard-00-00.hpttz2v.mongodb.net:4000
20240915	16:40:47	0633d614-f047-47f4-986e-c21271ac7d52	Server is running to MongoDB on ac-1lem4aa-shard-00-02.hpttz2v.mongodb.net:4000
20240915	16:42:01	5f1ed195-7cf6-435c-abd4-a42dbd9569a2	Server is running to MongoDB on ac-1lem4aa-shard-00-01.hpttz2v.mongodb.net:4000
20240915	16:42:29	0074f8df-d366-4722-a730-4525c2e85a73	Server is running to MongoDB on ac-1lem4aa-shard-00-00.hpttz2v.mongodb.net:4000
20240915	16:43:17	53c5218c-8643-4a4f-bef1-676836df86d5	Server is running to MongoDB on ac-1lem4aa-shard-00-02.hpttz2v.mongodb.net:4000
20240915	16:44:52	7b0ea745-d538-498e-8845-e5021ddd9798	Server is running to MongoDB on ac-1lem4aa-shard-00-01.hpttz2v.mongodb.net:4000
20240915	16:45:10	525ca84b-81e1-401b-b9b5-845d8e365f82	Server is running to MongoDB on ac-1lem4aa-shard-00-00.hpttz2v.mongodb.net:4000
20240915	16:49:25	60fb261f-fa57-4989-9110-42f514aad015	Server is running to MongoDB on ac-1lem4aa-shard-00-00.hpttz2v.mongodb.net:4000
20240915	16:50:05	af062f78-ce30-4b03-ae85-86ce4e9497ad	Server is running to MongoDB on ac-1lem4aa-shard-00-00.hpttz2v.mongodb.net:4000
20240915	16:50:15	288bfaca-8b2c-49c0-a50c-f45460a14d2c	Server is running to MongoDB on ac-1lem4aa-shard-00-01.hpttz2v.mongodb.net:4000
20240915	16:50:26	faf3e229-fe03-4d2a-973f-31c2effa1fe5	Server is running to MongoDB on ac-1lem4aa-shard-00-02.hpttz2v.mongodb.net:4000
20240915	16:52:20	59e789bc-3732-4bba-b774-7e7e30b832e7	Server is running to MongoDB on ac-1lem4aa-shard-00-00.hpttz2v.mongodb.net:4000
20240915	16:53:20	fd298f4c-1c6c-4927-89c4-da396dc222e9	Server is running to MongoDB on ac-1lem4aa-shard-00-01.hpttz2v.mongodb.net:4000
20240915	16:56:59	cdd01f69-1cdf-49e9-83c3-8207332665f9	Server is running to MongoDB on ac-1lem4aa-shard-00-02.hpttz2v.mongodb.net:4000
20240915	16:58:28	00e800f5-a4c1-49da-8c25-b455cccc1843	Server is running to MongoDB on ac-1lem4aa-shard-00-00.hpttz2v.mongodb.net:4000
20240915	16:58:50	4781e0c2-83ea-4ea0-bc5c-148c9a41938f	Server is running to MongoDB on ac-1lem4aa-shard-00-01.hpttz2v.mongodb.net:4000
20240915	16:59:55	329b45a5-de4b-4512-8f04-db6342e600a0	Server is running to MongoDB on ac-1lem4aa-shard-00-02.hpttz2v.mongodb.net:4000
20240915	17:00:55	2ccac42d-bdc1-42e0-869a-12dd51662f72	Server is running to MongoDB on ac-1lem4aa-shard-00-00.hpttz2v.mongodb.net:4000
20240915	17:01:20	1a0d4d42-1788-46ab-9a21-9110e894380a	Server is running to MongoDB on ac-1lem4aa-shard-00-01.hpttz2v.mongodb.net:4000
20240915	17:01:46	6ccc28d6-c26a-46ae-a795-a073bc5632d7	Server is running to MongoDB on ac-1lem4aa-shard-00-02.hpttz2v.mongodb.net:4000
20240915	17:02:03	839e29e3-bb5b-44f0-96a7-9562df9e73e5	Server is running to MongoDB on ac-1lem4aa-shard-00-00.hpttz2v.mongodb.net:4000
20240915	17:03:13	462510cc-1abf-4190-8f01-10138d0b4e4d	Server is running to MongoDB on ac-1lem4aa-shard-00-01.hpttz2v.mongodb.net:4000
20240915	17:03:48	c16245d2-3c0a-4858-a21d-d9c47affec2b	Server is running to MongoDB on ac-1lem4aa-shard-00-02.hpttz2v.mongodb.net:4000
20240915	17:04:45	232bfa9e-80d3-42fc-8098-cb0857935e17	Server is running to MongoDB on ac-1lem4aa-shard-00-00.hpttz2v.mongodb.net:4000
20240915	17:07:27	c9a11752-dfd9-410f-acfe-8cd668900120	Server is running to MongoDB on ac-1lem4aa-shard-00-00.hpttz2v.mongodb.net:4000
20240915	17:08:53	3736399b-acbd-4199-ab65-13b0597669a2	Server is running to MongoDB on ac-1lem4aa-shard-00-01.hpttz2v.mongodb.net:4000
20240915	17:09:33	0550a138-e492-457e-9894-3f15a2d8290e	Server is running to MongoDB on ac-1lem4aa-shard-00-02.hpttz2v.mongodb.net:4000
20240915	17:09:55	86c55f13-e385-4790-ae84-3eae97c3a338	Server is running to MongoDB on ac-1lem4aa-shard-00-00.hpttz2v.mongodb.net:4000
20240915	17:10:21	f078a98a-77d9-4f92-b8bb-055f678b6727	Server is running to MongoDB on ac-1lem4aa-shard-00-01.hpttz2v.mongodb.net:4000
20240915	17:10:46	ec8617dd-77be-411c-9238-244ea1015699	Server is running to MongoDB on ac-1lem4aa-shard-00-02.hpttz2v.mongodb.net:4000
20240915	17:11:10	8f4d316a-64ed-4db0-9b74-7ff54fa65e54	Server is running to MongoDB on ac-1lem4aa-shard-00-00.hpttz2v.mongodb.net:4000
20240915	17:11:54	17f72992-b127-45a5-9120-d22ae3f2b454	Server is running to MongoDB on ac-1lem4aa-shard-00-01.hpttz2v.mongodb.net:4000
20240915	17:13:03	4b961ff3-c475-4141-8bbb-5a21460b63e5	Server is running to MongoDB on ac-1lem4aa-shard-00-02.hpttz2v.mongodb.net:4000
20240915	17:13:52	b61b635e-c693-4652-80e7-060ea021d696	Server is running to MongoDB on ac-1lem4aa-shard-00-00.hpttz2v.mongodb.net:4000
20240915	17:16:34	8432d69b-e256-4c00-be55-927593b421c0	Server is running to MongoDB on ac-1lem4aa-shard-00-01.hpttz2v.mongodb.net:4000
20240915	17:17:05	0a86a023-d8b9-4913-ac19-7b533fe73148	Server is running to MongoDB on ac-1lem4aa-shard-00-02.hpttz2v.mongodb.net:4000
20240915	17:18:08	656957d8-ecd4-4625-acbd-9de9c3c3f9df	Server is running to MongoDB on ac-1lem4aa-shard-00-00.hpttz2v.mongodb.net:4000
20240915	17:19:07	94639b26-ecb4-405f-b49e-13a318d4456f	Server is running to MongoDB on ac-1lem4aa-shard-00-01.hpttz2v.mongodb.net:4000
20240915	17:20:02	c6adb30b-9f9e-4d9b-b52c-dcf98e48d028	Server is running to MongoDB on ac-1lem4aa-shard-00-02.hpttz2v.mongodb.net:4000
20240915	17:21:17	fc46b377-288f-4dd0-9b60-e0e6151fdd8a	Server is running to MongoDB on ac-1lem4aa-shard-00-02.hpttz2v.mongodb.net:4000
20240915	17:21:50	85dbaa3e-531f-4b55-8d55-0cf9b1b9f269	Server is running to MongoDB on ac-1lem4aa-shard-00-01.hpttz2v.mongodb.net:4000
20240915	17:22:36	8355c9a9-5cb8-46dc-9080-297fe2ff4bd5	Server is running to MongoDB on ac-1lem4aa-shard-00-00.hpttz2v.mongodb.net:4000
20240915	17:23:08	c22a0e20-210a-4eac-b768-b32414f71d5e	Server is running to MongoDB on ac-1lem4aa-shard-00-02.hpttz2v.mongodb.net:4000
20240915	17:23:48	46485822-76e7-455c-be51-b52287e88f89	Server is running to MongoDB on ac-1lem4aa-shard-00-01.hpttz2v.mongodb.net:4000
20240915	17:26:27	5ea37fd4-7955-49e9-8ad6-11cd86d72c10	Server is running to MongoDB on ac-1lem4aa-shard-00-00.hpttz2v.mongodb.net:4000
20240915	17:26:50	268b1197-2850-4667-ae87-670af6fb163b	Server is running to MongoDB on ac-1lem4aa-shard-00-02.hpttz2v.mongodb.net:4000
20240915	17:27:16	0c7e65bc-eb0a-4fe9-84d9-047475b5a82d	Server is running to MongoDB on ac-1lem4aa-shard-00-01.hpttz2v.mongodb.net:4000
20240915	17:28:54	11a3f033-fe49-495a-ace3-18a573f21740	Server is running to MongoDB on ac-1lem4aa-shard-00-00.hpttz2v.mongodb.net:4000
20240915	17:29:18	4b16d3dd-cd5a-4cbe-905d-a6b5799e0336	Server is running to MongoDB on ac-1lem4aa-shard-00-02.hpttz2v.mongodb.net:4000
20240915	17:29:56	330c0abb-9a3c-4560-b004-2432b8601fcb	Server is running to MongoDB on ac-1lem4aa-shard-00-01.hpttz2v.mongodb.net:4000
20240915	17:30:53	b3b7961c-75d0-4fd6-9086-1fbd7615ad1d	Server is running to MongoDB on ac-1lem4aa-shard-00-00.hpttz2v.mongodb.net:4000
20240915	17:31:31	d7aefea2-4838-4ed5-a728-e0f634460dca	Server is running to MongoDB on ac-1lem4aa-shard-00-02.hpttz2v.mongodb.net:4000
20240915	17:31:54	c9ff28e4-af10-4a0f-b0c3-7883202c14d4	Server is running to MongoDB on ac-1lem4aa-shard-00-01.hpttz2v.mongodb.net:4000
20240915	17:39:49	426792b1-79dc-4c61-8f7a-137971a52407	Server is running to MongoDB on ac-1lem4aa-shard-00-02.hpttz2v.mongodb.net:4000
20240915	17:42:34	b543b084-323f-40b2-873a-b2c9b544dcd0	Server is running to MongoDB on ac-1lem4aa-shard-00-02.hpttz2v.mongodb.net:4000
20240915	17:43:06	75a7b9cf-c879-48d7-af74-8506fed2d32e	Server is running to MongoDB on ac-1lem4aa-shard-00-00.hpttz2v.mongodb.net:4000
20240915	17:46:29	f1660b98-ff14-4dc3-a9c3-8733b0932be4	Server is running to MongoDB on ac-1lem4aa-shard-00-01.hpttz2v.mongodb.net:4000
20240915	17:47:25	2b20a57d-ae7b-47fe-a7af-62810bdc173a	Server is running to MongoDB on ac-1lem4aa-shard-00-02.hpttz2v.mongodb.net:4000
20240915	17:48:40	bf1e6d53-2ef3-43e5-bdf6-85316f2d94eb	Server is running to MongoDB on ac-1lem4aa-shard-00-00.hpttz2v.mongodb.net:4000
20240915	17:51:26	ae043c18-2f4d-46dd-b519-4175ad66e1bf	Server is running to MongoDB on ac-1lem4aa-shard-00-01.hpttz2v.mongodb.net:4000
20240915	17:52:01	bd1bc022-bf3a-488d-b02d-3ad0123892cb	Server is running to MongoDB on ac-1lem4aa-shard-00-02.hpttz2v.mongodb.net:4000
20240915	17:58:22	f8a0e85d-22c3-466a-81df-c77d8ef28950	Server is running to MongoDB on ac-1lem4aa-shard-00-00.hpttz2v.mongodb.net:4000
20240915	17:59:49	c5063a82-32b7-4558-bd14-30b03144cf3e	Server is running to MongoDB on ac-1lem4aa-shard-00-00.hpttz2v.mongodb.net:4000
20240915	18:00:40	05bdc2f1-8e9f-45e2-a6df-6bbabbc6ab1a	Server is running to MongoDB on ac-1lem4aa-shard-00-02.hpttz2v.mongodb.net:4000
20240915	18:01:46	7ebc59ba-184d-45b9-80f8-520802aa6bf1	Server is running to MongoDB on ac-1lem4aa-shard-00-01.hpttz2v.mongodb.net:4000
20240915	18:13:22	6145f911-601f-4d20-9a9d-be7f9fe97302	Server is running to MongoDB on ac-1lem4aa-shard-00-00.hpttz2v.mongodb.net:4000
20240915	18:14:31	430ac7d0-78f9-40e2-a27f-64b9ab34b3dd	Server is running to MongoDB on ac-1lem4aa-shard-00-01.hpttz2v.mongodb.net:4000
20240915	18:17:52	99f26250-3530-4d45-8476-0bb557f645a5	Server is running to MongoDB on ac-1lem4aa-shard-00-01.hpttz2v.mongodb.net:4000
20240915	18:26:00	e118ce61-456a-459c-8bf7-d03de0e8bb3e	Server is running to MongoDB on ac-1lem4aa-shard-00-00.hpttz2v.mongodb.net:4000
20240915	20:42:43	252b0c9e-1678-42b0-9274-ef20338dda94	Server is running to MongoDB on ac-1lem4aa-shard-00-02.hpttz2v.mongodb.net:4000
20240915	20:45:30	1db45df3-dfbe-4dbc-b240-093244d1a744	Server is running to MongoDB on ac-1lem4aa-shard-00-02.hpttz2v.mongodb.net:4000
20240915	20:46:04	f231b514-5976-4bc3-b96d-df6098724829	Server is running to MongoDB on ac-1lem4aa-shard-00-00.hpttz2v.mongodb.net:4000
20240915	20:46:35	da956e7f-8831-46c3-b91f-cab8f7bda210	Server is running to MongoDB on ac-1lem4aa-shard-00-01.hpttz2v.mongodb.net:4000
20240915	20:47:38	bc9fdfb7-5d53-4049-ad38-0899c34209f6	Server is running to MongoDB on ac-1lem4aa-shard-00-02.hpttz2v.mongodb.net:4000
20240915	20:48:15	25c6e614-fc3b-4156-a334-96216f4f082b	Server is running to MongoDB on ac-1lem4aa-shard-00-00.hpttz2v.mongodb.net:4000
20240915	20:49:05	c49324b6-38b3-4a60-bd08-5a66204e4543	Server is running to MongoDB on ac-1lem4aa-shard-00-01.hpttz2v.mongodb.net:4000
20240915	20:51:32	426d853b-d50d-45c4-9f37-b4586d13cf53	Server is running to MongoDB on ac-1lem4aa-shard-00-02.hpttz2v.mongodb.net:4000
20240915	20:52:36	24bb01af-8a7d-4df4-a443-ad049acdcafc	Server is running to MongoDB on ac-1lem4aa-shard-00-00.hpttz2v.mongodb.net:4000
20240915	20:53:27	0fce3d65-8ed8-48f2-819e-03439a31807a	Server is running to MongoDB on ac-1lem4aa-shard-00-01.hpttz2v.mongodb.net:4000
20240915	20:54:58	843c1f6c-b209-40b3-9e2f-9eb01f98e42c	Server is running to MongoDB on ac-1lem4aa-shard-00-02.hpttz2v.mongodb.net:4000
20240915	20:55:31	e8261c77-d484-4241-b5ae-ceba6c9ecdfb	Server is running to MongoDB on ac-1lem4aa-shard-00-00.hpttz2v.mongodb.net:4000
20240915	20:55:43	e950c987-39a3-4453-8d68-01d3d65c25bd	Server is running to MongoDB on ac-1lem4aa-shard-00-01.hpttz2v.mongodb.net:4000
20240915	20:56:20	69b0edb6-398e-45e8-bb53-10db0ab25f18	Server is running to MongoDB on ac-1lem4aa-shard-00-02.hpttz2v.mongodb.net:4000
20240915	20:56:46	952dce9e-965f-4bb6-a307-7b72b2584158	Server is running to MongoDB on ac-1lem4aa-shard-00-00.hpttz2v.mongodb.net:4000
20240915	21:27:53	33ebc29c-33c6-4d95-89a7-bb80a0b4c7de	Server is running to MongoDB on ac-1lem4aa-shard-00-02.hpttz2v.mongodb.net:4000
20240915	21:28:59	4763d0cc-f55a-40fa-91b7-4a8c9c467ea9	Server is running to MongoDB on ac-1lem4aa-shard-00-02.hpttz2v.mongodb.net:4000
20240915	21:29:50	0ba5cec7-33f0-4a88-85c1-92d01375a6f4	Server is running to MongoDB on ac-1lem4aa-shard-00-00.hpttz2v.mongodb.net:4000
20240915	22:16:12	b324ac85-164a-4cbf-ba41-771b8bf7ecdf	Server is running to MongoDB on ac-1lem4aa-shard-00-02.hpttz2v.mongodb.net:4000
20240915	22:17:38	006ac442-d2c3-4e0d-bd47-d7a47e76c9c0	Server is running to MongoDB on ac-1lem4aa-shard-00-02.hpttz2v.mongodb.net:4000
20240915	22:18:28	72bc2985-b7f2-4b14-ac11-f164228f948a	Server is running to MongoDB on ac-1lem4aa-shard-00-00.hpttz2v.mongodb.net:4000
20240915	22:21:55	e31a8e09-f529-4d04-8c48-1e6f7f5513d6	Server is running to MongoDB on ac-1lem4aa-shard-00-01.hpttz2v.mongodb.net:4000
20240915	22:24:47	90865c44-d572-4199-ae08-8e5fb3ea657e	Server is running to MongoDB on ac-1lem4aa-shard-00-02.hpttz2v.mongodb.net:4000
20240915	22:26:14	b9662e59-c27e-4d8b-bf4c-a8fabe493f63	Server is running to MongoDB on ac-1lem4aa-shard-00-00.hpttz2v.mongodb.net:4000
20240915	22:27:02	7fa7a3e9-8888-4231-b817-a15780c7a8a4	Server is running to MongoDB on ac-1lem4aa-shard-00-01.hpttz2v.mongodb.net:4000
20240915	22:27:53	72825c49-ae7c-460b-b1f4-39238deebe79	Server is running to MongoDB on ac-1lem4aa-shard-00-02.hpttz2v.mongodb.net:4000
20240915	22:28:15	72f1a34e-82a0-4df8-a142-1ae4d775aa7d	Server is running to MongoDB on ac-1lem4aa-shard-00-00.hpttz2v.mongodb.net:4000
20240917	12:01:53	98e765f1-1b90-4ff9-a9bf-7338cd8b0fd9	Server is running to MongoDB on ac-1lem4aa-shard-00-01.hpttz2v.mongodb.net:4000
20240917	12:07:38	48ce55c3-aba2-4f1d-8083-dc3ec89c82ce	Server is running to MongoDB on ac-1lem4aa-shard-00-02.hpttz2v.mongodb.net:4000
20240917	12:26:40	60b694a4-9ff1-4775-9a0a-30dc4c5ca19d	Server is running to MongoDB on ac-1lem4aa-shard-00-01.hpttz2v.mongodb.net:4000
20240917	12:40:29	dc327498-ff01-41f7-9041-0ea6d20fbc3e	Server is running to MongoDB on ac-1lem4aa-shard-00-00.hpttz2v.mongodb.net:4000
20240917	12:40:46	f4412a26-f38a-407a-9139-25308fe3077a	Server is running to MongoDB on ac-1lem4aa-shard-00-00.hpttz2v.mongodb.net:4000
20240917	12:45:08	4ed6f367-ae00-4f9a-bfb2-133ba6c03b75	Server is running to MongoDB on ac-1lem4aa-shard-00-00.hpttz2v.mongodb.net:4000
20240917	12:45:44	b40d713b-93fa-4a8b-bc28-ca9176689596	Server is running to MongoDB on ac-1lem4aa-shard-00-00.hpttz2v.mongodb.net:4000
20240917	12:46:27	757750d9-5831-418f-a727-386d3aac26b0	Server is running to MongoDB on ac-1lem4aa-shard-00-00.hpttz2v.mongodb.net:4000
20240917	12:47:33	e714af19-9306-4217-82fc-758996f35890	Server is running to MongoDB on ac-1lem4aa-shard-00-00.hpttz2v.mongodb.net:4000
20240917	12:49:21	21a8c690-a639-4034-87c9-3b08daeb6d88	Server is running to MongoDB on ac-1lem4aa-shard-00-00.hpttz2v.mongodb.net:4000
20240917	13:05:53	e3533b89-af06-49d1-bff2-c77abf425363	Server is running to MongoDB on ac-1lem4aa-shard-00-00.hpttz2v.mongodb.net:4000
20240917	13:06:16	4a510b4e-9948-47c1-a676-7167cc0abd72	Server is running to MongoDB on ac-1lem4aa-shard-00-00.hpttz2v.mongodb.net:4000
20240917	13:07:33	92a718fb-3351-4a17-a153-9e5c768b1dba	Server is running to MongoDB on ac-1lem4aa-shard-00-02.hpttz2v.mongodb.net:4000
20240917	13:08:05	61bc6810-3a52-4dd3-9ec2-8053029f523b	Server is running to MongoDB on ac-1lem4aa-shard-00-02.hpttz2v.mongodb.net:4000
20240917	13:08:23	3f7d7499-ab50-42d4-aa72-797968f51957	Server is running to MongoDB on ac-1lem4aa-shard-00-02.hpttz2v.mongodb.net:4000
20240917	13:09:58	eba1c19e-456f-4936-a2e2-2fd2e5bc44cf	Server is running to MongoDB on ac-1lem4aa-shard-00-01.hpttz2v.mongodb.net:4000
20240917	13:14:55	aa77bc2d-8816-4e0d-ab1e-d548fdebedb3	Server is running to MongoDB on ac-1lem4aa-shard-00-01.hpttz2v.mongodb.net:4000
20240917	13:22:13	7877c168-102e-483d-b2d4-85ee0553cf27	Server is running to MongoDB on ac-1lem4aa-shard-00-01.hpttz2v.mongodb.net:4000
20240917	13:26:57	9d463811-8883-4566-a46d-6179f526b15e	Server is running to MongoDB on ac-1lem4aa-shard-00-02.hpttz2v.mongodb.net:4000
20240917	13:38:10	148afe38-a003-4da7-b2b3-65a37db745b6	Server is running to MongoDB on ac-1lem4aa-shard-00-02.hpttz2v.mongodb.net:4000
20240917	13:39:22	6867c895-4c3b-4a07-a9cd-e6915b3e40fc	Server is running to MongoDB on ac-1lem4aa-shard-00-02.hpttz2v.mongodb.net:4000
20240917	13:44:42	d6a5e6ac-12c1-4661-9023-ee9886a6c05b	Server is running to MongoDB on ac-1lem4aa-shard-00-00.hpttz2v.mongodb.net:4000
20240917	13:47:56	1441b674-646c-45f0-9fdd-82dcbf33471b	Server is running to MongoDB on ac-1lem4aa-shard-00-00.hpttz2v.mongodb.net:4000
20240917	13:51:44	f15ccff4-9476-4ccb-9fdd-c09b399d26fa	Server is running to MongoDB on ac-1lem4aa-shard-00-00.hpttz2v.mongodb.net:4000
20240917	13:52:18	f198b082-e9c2-40be-b15d-783695838dfd	Server is running to MongoDB on ac-1lem4aa-shard-00-00.hpttz2v.mongodb.net:4000
20240917	13:59:53	878b7dd4-e7ea-4291-89c0-fb2120c90f90	Server is running to MongoDB on ac-1lem4aa-shard-00-01.hpttz2v.mongodb.net:4000
20240917	14:05:43	ae69b513-11e5-4436-9082-a02c5af40591	Server is running to MongoDB on ac-1lem4aa-shard-00-02.hpttz2v.mongodb.net:4000
20240917	14:07:43	44dffaee-a610-4de3-b370-dd6ded6cc118	Server is running to MongoDB on ac-1lem4aa-shard-00-02.hpttz2v.mongodb.net:4000
20240917	14:08:32	6d2e5de6-2398-4082-b327-4c88ff9074a0	Server is running to MongoDB on ac-1lem4aa-shard-00-01.hpttz2v.mongodb.net:4000
20240917	14:09:02	259b0b3c-057d-4e54-8ece-53cfd6ea8a6c	Server is running to MongoDB on ac-1lem4aa-shard-00-02.hpttz2v.mongodb.net:4000
20240917	14:39:42	f361906f-739a-4ae0-8164-e7c9b1aac204	Server is running to MongoDB on ac-1lem4aa-shard-00-02.hpttz2v.mongodb.net:4000
20240917	14:49:09	d5d4f414-c9d9-42da-b5a8-1182ebb8a36e	Server is running to MongoDB on ac-1lem4aa-shard-00-02.hpttz2v.mongodb.net:4000
20240917	14:54:52	df9698a2-08fd-4a1d-a91b-65933342e5d6	Server is running to MongoDB on ac-1lem4aa-shard-00-00.hpttz2v.mongodb.net:4000
20240917	14:55:28	50bbdeeb-be05-4fb0-8e5b-0615d32defc7	Server is running to MongoDB on ac-1lem4aa-shard-00-00.hpttz2v.mongodb.net:4000
20240917	14:55:37	fb934084-e89d-48ef-adc8-abf9a4476ae9	Server is running to MongoDB on ac-1lem4aa-shard-00-00.hpttz2v.mongodb.net:4000
20240917	14:57:53	72fbb5d4-de7d-41a9-97c6-d05c516d553f	Server is running to MongoDB on ac-1lem4aa-shard-00-01.hpttz2v.mongodb.net:4000
20240917	14:58:24	739c1d45-d8cd-4a9c-a06e-9a93e6b7fbd1	Server is running to MongoDB on ac-1lem4aa-shard-00-01.hpttz2v.mongodb.net:4000
20240917	14:59:09	92522d19-0719-4f08-aa55-37f81e319618	Server is running to MongoDB on ac-1lem4aa-shard-00-02.hpttz2v.mongodb.net:4000
20240917	14:59:57	4f3bdf76-d15b-46dd-b628-e8f87c67660b	Server is running to MongoDB on ac-1lem4aa-shard-00-02.hpttz2v.mongodb.net:4000
20240917	15:05:47	f26b348f-fcd7-46b4-9e1c-2aa77bffcfaf	Server is running to MongoDB on ac-1lem4aa-shard-00-00.hpttz2v.mongodb.net:4000
20240917	15:06:29	3e2bcbd7-8ec2-4acd-8e14-f0f6b0ffe876	Server is running to MongoDB on ac-1lem4aa-shard-00-02.hpttz2v.mongodb.net:4000
20240917	15:07:59	d5490e4d-2e0b-4cfb-bca1-377f3a4ce104	Server is running to MongoDB on ac-1lem4aa-shard-00-00.hpttz2v.mongodb.net:4000
20240917	15:10:03	c6b9b343-1862-400f-84dd-ace0974aa9d2	Server is running to MongoDB on ac-1lem4aa-shard-00-02.hpttz2v.mongodb.net:4000
20240917	15:10:29	bea01986-a32b-4cda-97d5-df4a08d52c69	Server is running to MongoDB on ac-1lem4aa-shard-00-00.hpttz2v.mongodb.net:4000
20240917	15:11:22	7a8b9fb0-421b-4a91-87e6-7201e8462f39	Server is running to MongoDB on ac-1lem4aa-shard-00-01.hpttz2v.mongodb.net:4000
20240917	15:13:04	7227eaa2-e097-425c-8809-8ef5218e7e4e	Server is running to MongoDB on ac-1lem4aa-shard-00-00.hpttz2v.mongodb.net:4000
20240917	15:13:24	4425a561-de42-4c38-b59c-ece18434365b	Server is running to MongoDB on ac-1lem4aa-shard-00-00.hpttz2v.mongodb.net:4000
20240917	15:14:37	0fa90bdc-ca4a-48ec-a011-89c63003ca78	Server is running to MongoDB on ac-1lem4aa-shard-00-02.hpttz2v.mongodb.net:4000
20240917	15:15:02	bb5c3797-bbcb-4bad-bfba-e75280770d83	Server is running to MongoDB on ac-1lem4aa-shard-00-02.hpttz2v.mongodb.net:4000
20240917	15:16:47	0a11772f-ff12-41af-8a5b-40174d335ec4	Server is running to MongoDB on ac-1lem4aa-shard-00-01.hpttz2v.mongodb.net:4000
20240917	15:17:56	aec114c8-f410-42e3-a7d8-8366623f4cde	Server is running to MongoDB on ac-1lem4aa-shard-00-01.hpttz2v.mongodb.net:4000
20240917	15:22:14	a88c6ed6-96a0-4cfd-98d8-150e151045c6	Server is running to MongoDB on ac-1lem4aa-shard-00-01.hpttz2v.mongodb.net:4000
20240917	15:39:06	4fe4da49-e296-46c2-88a7-7ca57a969a2b	Server is running to MongoDB on ac-1lem4aa-shard-00-01.hpttz2v.mongodb.net:4000
20240917	15:40:00	ab99526e-fb35-4f87-9bd8-0dd318fcb5d6	Server is running to MongoDB on ac-1lem4aa-shard-00-01.hpttz2v.mongodb.net:4000
20240917	15:42:29	f5d2e987-6c0d-4c32-b4d5-7ab5a845a5ac	Server is running to MongoDB on ac-1lem4aa-shard-00-01.hpttz2v.mongodb.net:4000
20240917	15:46:25	855fea1b-41da-4a27-b9a3-6abdb19488ae	Server is running to MongoDB on ac-1lem4aa-shard-00-00.hpttz2v.mongodb.net:4000
20240917	15:48:38	596bed84-7d57-4de2-a558-a1aea70b71b9	Server is running to MongoDB on ac-1lem4aa-shard-00-00.hpttz2v.mongodb.net:4000
20240917	15:49:03	ed47617a-4901-403a-af9b-051374ae1e31	Server is running to MongoDB on ac-1lem4aa-shard-00-01.hpttz2v.mongodb.net:4000
20240918	19:26:23	73525993-52e9-4955-bf7f-1932e98b1ace	Server is running to MongoDB on ac-1lem4aa-shard-00-01.hpttz2v.mongodb.net:4000
20240918	19:29:26	f33c9aa8-6a42-4d4b-aedd-13065e9d45ff	Server is running to MongoDB on ac-1lem4aa-shard-00-01.hpttz2v.mongodb.net:4000
20240918	19:29:51	4672fb8d-8868-44bb-a879-6aabe47708ad	Server is running to MongoDB on ac-1lem4aa-shard-00-02.hpttz2v.mongodb.net:4000
20240918	19:30:18	67f811ba-a2da-462d-b81e-c8904ee2d773	Server is running to MongoDB on ac-1lem4aa-shard-00-00.hpttz2v.mongodb.net:4000
20240918	19:36:31	1b3c678b-6c93-4538-bf0e-5f1a6bab4f6c	Server is running to MongoDB on ac-1lem4aa-shard-00-01.hpttz2v.mongodb.net:4000
20240918	19:46:40	6a223c05-a4d9-44dc-ae7f-8a9710d19d47	Server is running to MongoDB on ac-1lem4aa-shard-00-02.hpttz2v.mongodb.net:4000
20240918	19:48:00	6507f4f1-ca69-4e89-8721-5379f4a70d3d	Server is running to MongoDB on ac-1lem4aa-shard-00-02.hpttz2v.mongodb.net:4000
20240918	19:48:42	e6310d1f-b351-424b-82cb-46cd347b4e32	Server is running to MongoDB on ac-1lem4aa-shard-00-00.hpttz2v.mongodb.net:4000
20240918	19:51:02	a3d48c2c-dc76-44fb-977f-327a33a86c34	Server is running to MongoDB on ac-1lem4aa-shard-00-01.hpttz2v.mongodb.net:4000
20240918	19:51:36	916c7b88-857f-418f-a906-11a3d4c0ae8f	Server is running to MongoDB on ac-1lem4aa-shard-00-02.hpttz2v.mongodb.net:4000
20240918	19:52:54	22fe4887-69de-4087-9af4-3e548d0b6a2d	Server is running to MongoDB on ac-1lem4aa-shard-00-00.hpttz2v.mongodb.net:4000
20240918	19:54:05	6cf3c24c-47cc-49d7-94ad-58038bfe8e69	Server is running to MongoDB on ac-1lem4aa-shard-00-01.hpttz2v.mongodb.net:4000
20240918	19:54:19	2d93857f-1d61-4f85-82e5-5ad49607c85f	Server is running to MongoDB on ac-1lem4aa-shard-00-02.hpttz2v.mongodb.net:4000
20240918	19:55:05	2e2b7968-7e08-4336-848c-236205b6e5b7	Server is running to MongoDB on ac-1lem4aa-shard-00-00.hpttz2v.mongodb.net:4000
20240918	19:56:09	e32d2ee1-ca4c-4151-9aca-034e09e4e0d1	Server is running to MongoDB on ac-1lem4aa-shard-00-01.hpttz2v.mongodb.net:4000
20240918	19:56:49	8a2dbc33-9b56-4d06-a55c-ed8a9135b84d	Server is running to MongoDB on ac-1lem4aa-shard-00-02.hpttz2v.mongodb.net:4000
20240918	20:06:04	b02174f4-4509-4ff0-95f5-58f70103dad4	Server is running to MongoDB on ac-1lem4aa-shard-00-01.hpttz2v.mongodb.net:4000
20240918	20:06:50	acaf01ad-479b-4533-920e-7de16de6e151	Server is running to MongoDB on ac-1lem4aa-shard-00-01.hpttz2v.mongodb.net:4000
20240918	20:08:53	13dc5324-dde3-44f5-a460-358593f01639	Server is running to MongoDB on ac-1lem4aa-shard-00-00.hpttz2v.mongodb.net:4000
20240918	20:09:17	7073dda6-5de7-4c23-afcd-044352bfabea	Server is running to MongoDB on ac-1lem4aa-shard-00-02.hpttz2v.mongodb.net:4000
20240918	20:09:42	6c663d18-b6d6-4ec1-b354-7ac4db58929a	Server is running to MongoDB on ac-1lem4aa-shard-00-01.hpttz2v.mongodb.net:4000
20240918	20:11:27	6bb70e76-cb78-4b8e-a3f4-1ec38dc7ab85	Server is running to MongoDB on ac-1lem4aa-shard-00-00.hpttz2v.mongodb.net:4000
20240918	20:12:02	eafe653b-1ca2-4b93-913c-50b2fd1093f8	Server is running to MongoDB on ac-1lem4aa-shard-00-02.hpttz2v.mongodb.net:4000
20240918	20:13:39	5da51cb2-069c-4141-96c7-08fe05c59aee	Server is running to MongoDB on ac-1lem4aa-shard-00-02.hpttz2v.mongodb.net:4000
20240918	20:14:29	3b711852-28a4-4ee9-8185-5a53229ba4e8	Server is running to MongoDB on ac-1lem4aa-shard-00-01.hpttz2v.mongodb.net:4000
20240918	20:17:42	7713c7db-3aeb-44bc-9ad8-1cbca6371c9a	Server is running to MongoDB on ac-1lem4aa-shard-00-00.hpttz2v.mongodb.net:4000
20240918	20:19:02	70e619ad-e470-4722-8b75-43d9602b77bf	Server is running to MongoDB on ac-1lem4aa-shard-00-02.hpttz2v.mongodb.net:4000
20240918	20:19:15	1b86fbda-9932-4e69-802c-a942e5242de2	Server is running to MongoDB on ac-1lem4aa-shard-00-01.hpttz2v.mongodb.net:4000
20240918	20:19:33	f66e5026-fdf5-4510-90f5-b9afa7673486	Server is running to MongoDB on ac-1lem4aa-shard-00-00.hpttz2v.mongodb.net:4000
20240918	20:20:37	ef312d0d-e38c-4f0d-bc0e-04745f1a7deb	Server is running to MongoDB on ac-1lem4aa-shard-00-02.hpttz2v.mongodb.net:4000
20240918	20:20:45	6a8c79fd-7fc7-4b5f-99fb-57d3acc4d335	Server is running to MongoDB on ac-1lem4aa-shard-00-01.hpttz2v.mongodb.net:4000
20240918	20:20:56	d174d991-bc38-4cab-832b-ea4855f91e05	Server is running to MongoDB on ac-1lem4aa-shard-00-00.hpttz2v.mongodb.net:4000
20240918	20:21:21	c990e883-4633-4db7-8375-03e87d5467c3	Server is running to MongoDB on ac-1lem4aa-shard-00-01.hpttz2v.mongodb.net:4000
20240918	20:21:47	b9715406-de3a-4377-91cb-eba677b4cca1	Server is running to MongoDB on ac-1lem4aa-shard-00-01.hpttz2v.mongodb.net:4000
20240918	20:22:17	0fcf4365-f91a-4c75-98a0-64b92aa8c985	Server is running to MongoDB on ac-1lem4aa-shard-00-00.hpttz2v.mongodb.net:4000
20240918	20:22:28	b3fc9967-a568-497f-b3c5-df521d83e657	Server is running to MongoDB on ac-1lem4aa-shard-00-02.hpttz2v.mongodb.net:4000
20240918	20:22:39	0325cc4e-4641-4293-a665-438ebd699277	Server is running to MongoDB on ac-1lem4aa-shard-00-01.hpttz2v.mongodb.net:4000
20240918	20:23:22	2c946641-4090-4f80-9555-d8a667da7084	Server is running to MongoDB on ac-1lem4aa-shard-00-00.hpttz2v.mongodb.net:4000
20240918	20:24:29	40770de4-6ef4-42e0-b30e-1052760de08c	Server is running to MongoDB on ac-1lem4aa-shard-00-02.hpttz2v.mongodb.net:4000
20240918	20:24:43	5aa2cbe7-9322-409c-b957-7c5b9e510d7d	Server is running to MongoDB on ac-1lem4aa-shard-00-01.hpttz2v.mongodb.net:4000
20240918	20:25:50	67d77676-47b6-4800-bf1b-3615d59aa15f	Server is running to MongoDB on ac-1lem4aa-shard-00-00.hpttz2v.mongodb.net:4000
20240918	20:27:35	fcca46c3-2130-43f7-a147-b6b615677ea9	Server is running to MongoDB on ac-1lem4aa-shard-00-02.hpttz2v.mongodb.net:4000
20240918	20:28:56	16734eee-84ef-4687-aa73-e77246ed4578	Server is running to MongoDB on ac-1lem4aa-shard-00-01.hpttz2v.mongodb.net:4000
20240918	20:33:02	49143b3e-dc58-4062-88ae-e6463e021250	Server is running to MongoDB on ac-1lem4aa-shard-00-00.hpttz2v.mongodb.net:4000
20240918	20:33:30	25370081-9922-426f-bbcd-2810874a836c	Server is running to MongoDB on ac-1lem4aa-shard-00-02.hpttz2v.mongodb.net:4000
20240918	20:36:23	8c13715d-a723-4453-818d-7d6168eab097	Server is running to MongoDB on ac-1lem4aa-shard-00-02.hpttz2v.mongodb.net:4000
20240918	20:36:45	59d4c168-feac-4d91-83ed-e627a81e5dfc	Server is running to MongoDB on ac-1lem4aa-shard-00-02.hpttz2v.mongodb.net:4000
20240918	20:38:04	1df0f575-02eb-4acf-a985-c2d6b4bf8e6b	Server is running to MongoDB on ac-1lem4aa-shard-00-01.hpttz2v.mongodb.net:4000
20240918	20:38:37	ba7928f8-daf2-48f8-9ebb-1b8fdfbe64fc	Server is running to MongoDB on ac-1lem4aa-shard-00-00.hpttz2v.mongodb.net:4000
20240918	20:42:24	247d92bd-af37-4114-a0fc-37bc270137d0	Server is running to MongoDB on ac-1lem4aa-shard-00-02.hpttz2v.mongodb.net:4000
20240918	20:44:57	0b27d0d3-bbd9-4bcd-8394-55c5b68d1080	Server is running to MongoDB on ac-1lem4aa-shard-00-01.hpttz2v.mongodb.net:4000
20240918	20:55:34	7d374ec1-6fac-450b-8cb6-8440a6999e71	Server is running to MongoDB on ac-1lem4aa-shard-00-02.hpttz2v.mongodb.net:4000
20240918	20:58:38	2db9c16b-0da1-4dbf-86cd-61e1d80457b2	Server is running to MongoDB on ac-1lem4aa-shard-00-02.hpttz2v.mongodb.net:4000
20240918	20:59:41	3036c96e-ab66-4773-8d93-3dbcf1838403	Server is running to MongoDB on ac-1lem4aa-shard-00-01.hpttz2v.mongodb.net:4000
20240918	21:01:15	75f7be93-a5ea-4bfa-91a9-29017a8cb3e9	Server is running to MongoDB on ac-1lem4aa-shard-00-00.hpttz2v.mongodb.net:4000
20240918	21:02:02	6c48a6b0-0005-42f1-8a40-cb6abc6bb4f6	Server is running to MongoDB on ac-1lem4aa-shard-00-02.hpttz2v.mongodb.net:4000
20240918	21:11:39	a8054720-9a95-48ea-a2b2-e04c4e0f8038	Server is running to MongoDB on ac-1lem4aa-shard-00-02.hpttz2v.mongodb.net:4000
20240918	21:32:59	6fa6aac6-fb25-4518-85ad-faa2312c00c4	Server is running to MongoDB on ac-1lem4aa-shard-00-01.hpttz2v.mongodb.net:4000
20240918	21:37:44	1bd4665b-a429-462c-8fc3-7e88792b4a22	Server is running to MongoDB on ac-1lem4aa-shard-00-01.hpttz2v.mongodb.net:4000
20240918	21:42:56	7f59d22d-8c33-402f-b0b3-37da29b9699b	Server is running to MongoDB on ac-1lem4aa-shard-00-02.hpttz2v.mongodb.net:4000
20240918	21:45:58	30765332-15b6-42d7-a581-040d8da57ea4	Server is running to MongoDB on ac-1lem4aa-shard-00-00.hpttz2v.mongodb.net:4000
20240918	21:48:49	61a064a2-f6ab-4930-b906-c3c2cf8711de	Server is running to MongoDB on ac-1lem4aa-shard-00-01.hpttz2v.mongodb.net:4000
20240918	21:52:00	983a1857-789f-4e8e-998e-458ddb2081c2	Server is running to MongoDB on ac-1lem4aa-shard-00-01.hpttz2v.mongodb.net:4000
20240918	21:54:13	b3b010c7-7938-4105-9527-ce3f6002b980	Server is running to MongoDB on ac-1lem4aa-shard-00-02.hpttz2v.mongodb.net:4000
20240918	21:54:51	38344c08-fb06-4e04-a807-3ff21ca9a7c9	Server is running to MongoDB on ac-1lem4aa-shard-00-00.hpttz2v.mongodb.net:4000
20240918	21:55:20	a0483a29-8308-4fdf-8b08-236ddee9bfa2	Server is running to MongoDB on ac-1lem4aa-shard-00-01.hpttz2v.mongodb.net:4000
20240918	21:56:11	e2789d1c-937e-414d-aacf-b7ae0e868503	Server is running to MongoDB on ac-1lem4aa-shard-00-02.hpttz2v.mongodb.net:4000
20240918	21:56:46	f49ac7b0-9a54-4997-b1d9-a6183ce4c28b	Server is running to MongoDB on ac-1lem4aa-shard-00-00.hpttz2v.mongodb.net:4000
20240918	21:58:24	880ba9f1-07dc-498c-a475-e39f43ab529d	Server is running to MongoDB on ac-1lem4aa-shard-00-01.hpttz2v.mongodb.net:4000
20240918	21:58:36	ee5f46ca-1bd1-4538-b944-7eefdd73c180	Server is running to MongoDB on ac-1lem4aa-shard-00-02.hpttz2v.mongodb.net:4000
20240918	21:58:48	cba60021-1739-49d9-b322-14ce92c78810	Server is running to MongoDB on ac-1lem4aa-shard-00-00.hpttz2v.mongodb.net:4000
20240918	21:59:02	c4f2f806-b976-412f-be7e-6e405c73df12	Server is running to MongoDB on ac-1lem4aa-shard-00-01.hpttz2v.mongodb.net:4000
20240918	22:00:10	3ae3aa43-3060-42ad-9e84-5ecb23fb1a58	Server is running to MongoDB on ac-1lem4aa-shard-00-02.hpttz2v.mongodb.net:4000
20240918	22:04:37	cc6e3c89-25c3-40fb-bd98-80626731d0cd	Server is running to MongoDB on ac-1lem4aa-shard-00-00.hpttz2v.mongodb.net:4000
20240918	22:07:30	cce42feb-ad51-42fa-b2a9-1a06307f81af	Server is running to MongoDB on ac-1lem4aa-shard-00-00.hpttz2v.mongodb.net:4000
20240918	22:20:12	7edbd7ca-d207-4646-98f9-85053d3b4fe3	Server is running to MongoDB on ac-1lem4aa-shard-00-02.hpttz2v.mongodb.net:4000
20240918	22:24:00	d0027bd7-65f9-473f-b7ae-5e397338adac	Server is running to MongoDB on ac-1lem4aa-shard-00-02.hpttz2v.mongodb.net:4000
20240918	22:25:31	d6a16fd2-4f87-44e8-9350-07044ea3e31d	Server is running to MongoDB on ac-1lem4aa-shard-00-00.hpttz2v.mongodb.net:4000
20240918	22:26:40	8215ff43-5cac-41e7-aed9-0b52088c6381	Server is running to MongoDB on ac-1lem4aa-shard-00-01.hpttz2v.mongodb.net:4000
20240919	20:37:06	2cb0ebaa-b3d5-4bbb-8aa6-5766e76510d9	Server is running to MongoDB on ac-1lem4aa-shard-00-02.hpttz2v.mongodb.net:4000
20240919	20:37:36	e5341fd1-415f-4e5b-b9f4-ec9884153cda	Server is running to MongoDB on ac-1lem4aa-shard-00-02.hpttz2v.mongodb.net:4000
20240919	20:39:05	29286736-aa04-4c7a-8785-50e5160833bd	Server is running to MongoDB on ac-1lem4aa-shard-00-01.hpttz2v.mongodb.net:4000
20240919	20:45:00	ff6d99dd-153e-4b30-a1dc-e325b5867349	Server is running to MongoDB on ac-1lem4aa-shard-00-00.hpttz2v.mongodb.net:4000
20240919	20:45:51	e2b19257-1e5a-4ea3-bbd7-4305ade745cb	Server is running to MongoDB on ac-1lem4aa-shard-00-02.hpttz2v.mongodb.net:4000
20240919	20:46:30	625485f0-67b8-4706-8109-252b7022d571	Server is running to MongoDB on ac-1lem4aa-shard-00-01.hpttz2v.mongodb.net:4000
20240919	21:01:27	6b0ead5c-e53c-4c87-8fdd-80d9e6323c21	Server is running to MongoDB on ac-1lem4aa-shard-00-00.hpttz2v.mongodb.net:4000
20240919	21:02:03	475954f8-6681-4227-8b57-13d1b0f845f2	Server is running to MongoDB on ac-1lem4aa-shard-00-00.hpttz2v.mongodb.net:4000
20240919	21:03:52	ded9b8da-d1a9-48be-8052-0db93a0b7fc3	Server is running to MongoDB on ac-1lem4aa-shard-00-01.hpttz2v.mongodb.net:4000
20240919	21:04:43	ef53467b-4109-4375-a2e4-11ecdea97530	Server is running to MongoDB on ac-1lem4aa-shard-00-02.hpttz2v.mongodb.net:4000
20240919	21:05:14	fdfdcfd4-e6b9-4774-9e9d-fcc10d2cef6f	Server is running to MongoDB on ac-1lem4aa-shard-00-00.hpttz2v.mongodb.net:4000
20240919	21:10:37	529ae3d3-098f-4c39-aad6-6df1a95b221a	Server is running to MongoDB on ac-1lem4aa-shard-00-01.hpttz2v.mongodb.net:4000
20240919	21:15:03	f1178fe9-18dd-400b-8995-7a57f4e987a1	Server is running to MongoDB on ac-1lem4aa-shard-00-02.hpttz2v.mongodb.net:4000
20240919	21:19:12	c75b2298-27ec-4f2d-946d-397d34f08f94	Server is running to MongoDB on ac-1lem4aa-shard-00-01.hpttz2v.mongodb.net:4000
20240919	21:25:18	2b94a114-75db-4efb-955b-3428ac6620c0	Server is running to MongoDB on ac-1lem4aa-shard-00-01.hpttz2v.mongodb.net:4000
20240919	21:25:57	33aff393-c261-4b2d-bb08-a91658c6356e	Server is running to MongoDB on ac-1lem4aa-shard-00-02.hpttz2v.mongodb.net:4000
20240919	21:27:20	da5de801-da3b-4384-a680-f26c5bd80288	Server is running to MongoDB on ac-1lem4aa-shard-00-00.hpttz2v.mongodb.net:4000
20240919	21:35:54	4e6cd794-fc84-4412-9401-009b40b0f8e9	Server is running to MongoDB on ac-1lem4aa-shard-00-01.hpttz2v.mongodb.net:4000
20240919	21:37:13	396df2dd-0519-4903-ae48-8689550ae711	Server is running to MongoDB on ac-1lem4aa-shard-00-01.hpttz2v.mongodb.net:4000
20240919	21:37:54	693b1c7d-1ccf-480b-a13d-8c231aaa4cda	Server is running to MongoDB on ac-1lem4aa-shard-00-00.hpttz2v.mongodb.net:4000
20240919	21:38:47	1c83fa0a-06a8-47b1-b759-fd5ad05a72b0	Server is running to MongoDB on ac-1lem4aa-shard-00-02.hpttz2v.mongodb.net:4000
20240919	21:40:44	d46ca620-c70b-411c-be0b-5394daf91e87	Server is running to MongoDB on ac-1lem4aa-shard-00-01.hpttz2v.mongodb.net:4000
20240919	21:41:44	6c136935-0cb5-4196-b4da-d73d9d1b14e7	Server is running to MongoDB on ac-1lem4aa-shard-00-00.hpttz2v.mongodb.net:4000
20240919	21:42:46	ee8cf57b-1fbc-4091-a269-32ca6b039a08	Server is running to MongoDB on ac-1lem4aa-shard-00-02.hpttz2v.mongodb.net:4000
20240919	21:43:07	d7c6808c-d06b-4978-af34-bd5dce2d2092	Server is running to MongoDB on ac-1lem4aa-shard-00-01.hpttz2v.mongodb.net:4000
20240919	21:43:51	073a3540-575c-4e2e-9799-6505be84903f	Server is running to MongoDB on ac-1lem4aa-shard-00-00.hpttz2v.mongodb.net:4000
20240919	21:46:59	b841de27-eca3-4b2e-abbf-604f2a25aef4	Server is running to MongoDB on ac-1lem4aa-shard-00-02.hpttz2v.mongodb.net:4000
20240919	21:47:27	7074a45d-b9f4-4a79-8700-799df5ab3362	Server is running to MongoDB on ac-1lem4aa-shard-00-01.hpttz2v.mongodb.net:4000
20240919	21:47:53	a7fca9dc-6bc1-4a80-9290-ce439deed262	Server is running to MongoDB on ac-1lem4aa-shard-00-02.hpttz2v.mongodb.net:4000
20240919	21:50:50	6744355e-ccad-4ea1-ae14-433f5d66989b	Server is running to MongoDB on ac-1lem4aa-shard-00-01.hpttz2v.mongodb.net:4000
20240919	21:51:12	3bce84b7-b636-4bdd-8ed6-719af079006b	Server is running to MongoDB on ac-1lem4aa-shard-00-00.hpttz2v.mongodb.net:4000
20240919	21:54:02	18f2d954-9735-4dec-8747-c67b00fc2be5	Server is running to MongoDB on ac-1lem4aa-shard-00-00.hpttz2v.mongodb.net:4000
20240919	21:56:39	61c356f9-fdf1-403d-8ba2-31a8249d81d1	Server is running to MongoDB on ac-1lem4aa-shard-00-02.hpttz2v.mongodb.net:4000
20240919	22:03:09	d06cd977-acc8-4216-8001-dd8f7c6d3c61	Server is running to MongoDB on ac-1lem4aa-shard-00-00.hpttz2v.mongodb.net:4000
20240919	22:05:51	a6cc76e4-730e-4c6c-916f-ba05cd6708c7	Server is running to MongoDB on ac-1lem4aa-shard-00-02.hpttz2v.mongodb.net:4000
20240919	22:07:16	d1b13cbe-f809-40a6-89a4-14f8ad65471e	Server is running to MongoDB on ac-1lem4aa-shard-00-01.hpttz2v.mongodb.net:4000
20240919	22:08:30	10381bd1-22cd-4be9-9a32-1d1673d44248	Server is running to MongoDB on ac-1lem4aa-shard-00-02.hpttz2v.mongodb.net:4000
20240919	22:10:40	7ef99173-c5a8-4cf6-a42e-892b2801316a	Server is running to MongoDB on ac-1lem4aa-shard-00-01.hpttz2v.mongodb.net:4000
20240919	22:18:56	15fe342f-870e-4dc0-8d94-98e66730f3ae	Server is running to MongoDB on ac-1lem4aa-shard-00-01.hpttz2v.mongodb.net:4000
20240919	22:20:26	f531300c-81d8-4039-9b1a-aa380a175286	Server is running to MongoDB on ac-1lem4aa-shard-00-01.hpttz2v.mongodb.net:4000
20240919	22:24:14	30209b0f-eb7f-48d1-9ab0-36b9b352dfe7	Server is running to MongoDB on ac-1lem4aa-shard-00-01.hpttz2v.mongodb.net:4000
20240919	22:26:16	d7c6a8a2-b4aa-443d-8cc2-b1e66035863f	Server is running to MongoDB on ac-1lem4aa-shard-00-01.hpttz2v.mongodb.net:4000
20240919	22:31:02	79030914-3ec9-4d94-8b62-0a14610a49e3	Server is running to MongoDB on ac-1lem4aa-shard-00-00.hpttz2v.mongodb.net:4000
20240919	22:32:02	1ab39190-a472-4973-aab9-45308f468cca	Server is running to MongoDB on ac-1lem4aa-shard-00-02.hpttz2v.mongodb.net:4000
20240919	22:39:26	a414d575-ae1f-4bf6-9c3b-0e32c3c509c3	Server is running to MongoDB on ac-1lem4aa-shard-00-02.hpttz2v.mongodb.net:4000
20240919	22:55:28	095f30a3-3cbd-42a0-a0e4-32546c866d4c	Server is running to MongoDB on ac-1lem4aa-shard-00-00.hpttz2v.mongodb.net:4000
20240919	23:07:23	baba5d16-2f29-40f6-8285-d6e6a3a84053	Server is running to MongoDB on ac-1lem4aa-shard-00-02.hpttz2v.mongodb.net:4000
20240919	23:08:20	2574d259-3801-4411-a929-30280068b18f	Server is running to MongoDB on ac-1lem4aa-shard-00-00.hpttz2v.mongodb.net:4000
20240919	23:18:10	952a6734-c400-4b1a-bb3c-ae2fadb4eb90	Server is running to MongoDB on ac-1lem4aa-shard-00-02.hpttz2v.mongodb.net:4000
20240919	23:19:44	8b3c1e95-84db-48f6-8a2a-15a50f845c4d	Server is running to MongoDB on ac-1lem4aa-shard-00-00.hpttz2v.mongodb.net:4000
20240919	23:25:22	6ea580f5-461a-4bec-81b5-f3b80dcd8083	Server is running to MongoDB on ac-1lem4aa-shard-00-00.hpttz2v.mongodb.net:4000
20240919	23:32:00	f962506b-6ce1-4514-aec4-321913f9137b	Server is running to MongoDB on ac-1lem4aa-shard-00-00.hpttz2v.mongodb.net:4000
20240919	23:34:55	f7d5ac94-64f4-4c94-aeff-50c9546eb63a	Server is running to MongoDB on ac-1lem4aa-shard-00-01.hpttz2v.mongodb.net:4000
20240919	23:35:39	68bd5e6c-835b-440c-823e-9f1696abc55d	Server is running to MongoDB on ac-1lem4aa-shard-00-01.hpttz2v.mongodb.net:4000
20240919	23:38:19	d24a2a7e-93ac-4357-8739-258a7256e7e9	Server is running to MongoDB on ac-1lem4aa-shard-00-02.hpttz2v.mongodb.net:4000
20240919	23:39:58	176be6c4-a723-4560-8529-cd415944725a	Server is running to MongoDB on ac-1lem4aa-shard-00-00.hpttz2v.mongodb.net:4000
20240919	23:41:31	3ca969ba-46b6-4c40-a47c-fb29a2decf44	Server is running to MongoDB on ac-1lem4aa-shard-00-01.hpttz2v.mongodb.net:4000
20240919	23:44:40	b7fa3139-a4fa-4a80-a5ee-30192566ea92	Server is running to MongoDB on ac-1lem4aa-shard-00-02.hpttz2v.mongodb.net:4000
20240919	23:47:36	553adc7b-4a68-4bfa-bce7-c38416097d3e	Server is running to MongoDB on ac-1lem4aa-shard-00-00.hpttz2v.mongodb.net:4000
20240919	23:49:12	e6643677-8c66-4dbc-8d06-9233856ac648	Server is running to MongoDB on ac-1lem4aa-shard-00-01.hpttz2v.mongodb.net:4000
20240919	23:49:58	0e8f1c2a-4183-4563-a536-4c17a14a24c5	Server is running to MongoDB on ac-1lem4aa-shard-00-02.hpttz2v.mongodb.net:4000
20240919	23:51:48	4777ea8c-4fab-43bd-b636-49d1eedda9e3	Server is running to MongoDB on ac-1lem4aa-shard-00-02.hpttz2v.mongodb.net:4000
20240919	23:53:05	653a7daa-61d1-4640-ab19-e6ab3da794b2	Server is running to MongoDB on ac-1lem4aa-shard-00-00.hpttz2v.mongodb.net:4000
20240919	23:53:47	1788bc58-5f1a-4233-8b3e-7e65fb1e1153	Server is running to MongoDB on ac-1lem4aa-shard-00-01.hpttz2v.mongodb.net:4000
20240919	23:54:58	58a82ded-5fb3-4438-81e6-d124cf097663	Server is running to MongoDB on ac-1lem4aa-shard-00-02.hpttz2v.mongodb.net:4000
20240919	23:55:39	d7daf3be-4f88-4200-8d44-dad43eae8107	Server is running to MongoDB on ac-1lem4aa-shard-00-00.hpttz2v.mongodb.net:4000
20240920	19:00:24	50a77236-b3ec-421c-8073-27aecabae34d	Server is running to MongoDB on ac-1lem4aa-shard-00-01.hpttz2v.mongodb.net:4000
20240920	19:00:40	fe7b1dda-42a7-4dc0-8a99-9a9b2e518c91	Server is running to MongoDB on ac-1lem4aa-shard-00-01.hpttz2v.mongodb.net:4000
20240920	19:10:37	89d1e2b0-9465-4181-aad7-9f00b7548243	Server is running to MongoDB on ac-1lem4aa-shard-00-02.hpttz2v.mongodb.net:4000
20240920	19:12:17	bdafddd0-29ed-435d-9bd7-99ee62845767	Server is running to MongoDB on ac-1lem4aa-shard-00-00.hpttz2v.mongodb.net:4000
20240920	19:13:30	066b09fa-dd67-4507-8b3c-016900a943d1	Server is running to MongoDB on ac-1lem4aa-shard-00-01.hpttz2v.mongodb.net:4000
20240920	19:15:50	91f86150-ec9d-43b0-b8ab-93c3fc500c78	Server is running to MongoDB on ac-1lem4aa-shard-00-00.hpttz2v.mongodb.net:4000
20240921	20:30:17	a64b41db-408b-4e37-bf40-d4ef9ec3496a	Server is running to MongoDB on ac-1lem4aa-shard-00-01.hpttz2v.mongodb.net:4000
20240921	20:44:58	1758dd59-3ae7-465c-a64e-ae5a72ce7749	Server is running to MongoDB on ac-1lem4aa-shard-00-01.hpttz2v.mongodb.net:4000
20240921	20:53:42	d6351da6-a266-4832-b835-f4eca52162cb	Server is running to MongoDB on ac-1lem4aa-shard-00-02.hpttz2v.mongodb.net:4000
20240921	20:54:20	b3d8e3bf-9f73-4606-905d-7f05c2233638	Server is running to MongoDB on ac-1lem4aa-shard-00-02.hpttz2v.mongodb.net:4000
20240921	20:55:19	99ca40d3-0fbc-4962-aa39-8d924323733a	Server is running to MongoDB on ac-1lem4aa-shard-00-01.hpttz2v.mongodb.net:4000
20240921	20:55:52	e00cf157-7426-4329-9cec-d79bde87450b	Server is running to MongoDB on ac-1lem4aa-shard-00-00.hpttz2v.mongodb.net:4000
20240921	20:56:14	1ce749a1-8aea-4f07-85f6-6ee6dcd06594	Server is running to MongoDB on ac-1lem4aa-shard-00-02.hpttz2v.mongodb.net:4000
20240921	21:00:04	1b319c18-413a-4454-912c-b4347d1220aa	Server is running to MongoDB on ac-1lem4aa-shard-00-01.hpttz2v.mongodb.net:4000
20240921	21:00:57	742b3c0e-f049-433e-a0a4-5f290dd25a25	Server is running to MongoDB on ac-1lem4aa-shard-00-00.hpttz2v.mongodb.net:4000
20240921	21:01:28	77c3807a-b4f8-4aec-b382-6244608535f2	Server is running to MongoDB on ac-1lem4aa-shard-00-02.hpttz2v.mongodb.net:4000
20240921	21:02:06	f33f3e14-8c8f-4165-8291-db5983f5e100	Server is running to MongoDB on ac-1lem4aa-shard-00-01.hpttz2v.mongodb.net:4000
20240921	21:02:23	8f4c597c-aa95-427f-9647-f84fc7d71814	Server is running to MongoDB on ac-1lem4aa-shard-00-00.hpttz2v.mongodb.net:4000
20240921	21:02:35	64d72d13-cd51-4f76-bf87-6598cefaa4f6	Server is running to MongoDB on ac-1lem4aa-shard-00-02.hpttz2v.mongodb.net:4000
20240921	21:03:11	b247df0d-54f3-431e-a8b8-5b7f50fb1ae8	Server is running to MongoDB on ac-1lem4aa-shard-00-01.hpttz2v.mongodb.net:4000
20240921	21:03:36	3f42334d-aff6-4e97-83b0-bfb625238c38	Server is running to MongoDB on ac-1lem4aa-shard-00-00.hpttz2v.mongodb.net:4000
20240921	21:04:32	cb986d6b-5e82-4bab-8495-5d9e8b7f7954	Server is running to MongoDB on ac-1lem4aa-shard-00-02.hpttz2v.mongodb.net:4000
20240922	20:25:49	3632887a-96b7-4b96-bdfa-8d2e315095e5	Server is running to MongoDB on ac-1lem4aa-shard-00-00.hpttz2v.mongodb.net:4000
20240922	20:29:13	f9acaf43-a33a-4d34-a991-5962b25b7f8a	Server is running to MongoDB on ac-1lem4aa-shard-00-00.hpttz2v.mongodb.net:4000
20240922	20:32:09	19cb2a58-cab0-4f39-87c9-f296d5dba4d7	Server is running to MongoDB on ac-1lem4aa-shard-00-01.hpttz2v.mongodb.net:4000
20240922	20:38:54	9d2e6eb4-2b92-43d9-8b63-b86c63b14dfa	Server is running to MongoDB on ac-1lem4aa-shard-00-02.hpttz2v.mongodb.net:4000
20240922	20:40:33	6211de94-b629-4c17-a0df-af423a3239ce	Server is running to MongoDB on ac-1lem4aa-shard-00-00.hpttz2v.mongodb.net:4000
20240922	20:45:46	0545ccaa-ab84-438a-ae48-f2cfdb5abaad	Server is running to MongoDB on ac-1lem4aa-shard-00-00.hpttz2v.mongodb.net:4000
20240922	20:47:05	fd4499f1-2599-42de-a250-0f1ce9ed9c0f	Server is running to MongoDB on ac-1lem4aa-shard-00-00.hpttz2v.mongodb.net:4000
20240923	21:31:09	059bc595-8ace-407e-878b-3edc8ff855a7	Server is running to MongoDB on ac-1lem4aa-shard-00-01.hpttz2v.mongodb.net:4000
20240923	21:32:19	efc78ba5-9297-462f-9ca0-71fd4a738f73	Server is running to MongoDB on ac-1lem4aa-shard-00-01.hpttz2v.mongodb.net:4000
20240923	21:33:41	14db1025-0ed8-40ed-a030-6b5aa17d038c	Server is running to MongoDB on ac-1lem4aa-shard-00-00.hpttz2v.mongodb.net:4000
20240923	21:34:16	4ff1b7a3-b04e-434c-8276-31b4900ca7ba	Server is running to MongoDB on ac-1lem4aa-shard-00-02.hpttz2v.mongodb.net:4000
20240923	21:34:55	83e516ce-b3d5-4834-8cd6-eef0ae94fa2f	Server is running to MongoDB on ac-1lem4aa-shard-00-01.hpttz2v.mongodb.net:4000
20240923	21:35:15	4f518440-94d7-47fb-ac4f-e812633ee3cf	Server is running to MongoDB on ac-1lem4aa-shard-00-00.hpttz2v.mongodb.net:4000
20240923	21:35:33	a7bb6585-3486-4604-b26d-9829806354c6	Server is running to MongoDB on ac-1lem4aa-shard-00-02.hpttz2v.mongodb.net:4000
20240923	21:36:26	75eb637f-ce30-4355-b560-fd80d19c7dff	Server is running to MongoDB on ac-1lem4aa-shard-00-01.hpttz2v.mongodb.net:4000
20240923	21:37:20	5adab52e-e08a-466d-8fd5-d15fcc2d5b21	Server is running to MongoDB on ac-1lem4aa-shard-00-00.hpttz2v.mongodb.net:4000
20240923	21:38:20	a5730d72-b357-49fb-b8f6-a175fb313b60	Server is running to MongoDB on ac-1lem4aa-shard-00-02.hpttz2v.mongodb.net:4000
20240923	21:40:11	df4c68f9-63de-4a63-bc84-8337c7d9fd23	Server is running to MongoDB on ac-1lem4aa-shard-00-01.hpttz2v.mongodb.net:4000
20240923	21:45:32	21f56470-ac34-4a83-b83f-549b2beeaafd	Server is running to MongoDB on ac-1lem4aa-shard-00-00.hpttz2v.mongodb.net:4000
20240923	21:50:53	6fb09018-8183-4842-9de8-3003c3134253	Server is running to MongoDB on ac-1lem4aa-shard-00-02.hpttz2v.mongodb.net:4000
20240923	21:51:41	62216509-a790-4f24-a51d-a750caa06ab3	Server is running to MongoDB on ac-1lem4aa-shard-00-02.hpttz2v.mongodb.net:4000
20240923	21:52:18	d5fc896a-af27-447c-82dd-6cb5c4a0e96d	Server is running to MongoDB on ac-1lem4aa-shard-00-00.hpttz2v.mongodb.net:4000
20240923	21:53:02	d9772f7e-20c6-48d2-b655-7f2888294912	Server is running to MongoDB on ac-1lem4aa-shard-00-01.hpttz2v.mongodb.net:4000
20240923	21:53:14	88a1e6be-e2ad-4265-919d-66bec8889779	Server is running to MongoDB on ac-1lem4aa-shard-00-02.hpttz2v.mongodb.net:4000
20240923	21:53:58	a9546158-13cb-4364-846a-df76ae5096a3	Server is running to MongoDB on ac-1lem4aa-shard-00-00.hpttz2v.mongodb.net:4000
20240923	21:54:30	3f741e30-eb44-4d8a-ba1b-765fa018f34f	Server is running to MongoDB on ac-1lem4aa-shard-00-01.hpttz2v.mongodb.net:4000
20240923	21:55:22	39c43998-d0ef-4ecc-b2dd-3ec4097bd40f	Server is running to MongoDB on ac-1lem4aa-shard-00-02.hpttz2v.mongodb.net:4000
20240923	21:56:05	e5d88566-74f5-4083-9e42-1d916121f03b	Server is running to MongoDB on ac-1lem4aa-shard-00-00.hpttz2v.mongodb.net:4000
20240923	21:56:24	7c26b31d-3763-44a0-b8f5-3200a596f88a	Server is running to MongoDB on ac-1lem4aa-shard-00-01.hpttz2v.mongodb.net:4000
20240923	21:56:38	a6f0a1c1-480e-48af-810a-1c45a5c786b2	Server is running to MongoDB on ac-1lem4aa-shard-00-02.hpttz2v.mongodb.net:4000
20240923	21:57:00	e8b7336f-e8f8-42ef-ade4-be6ec20bc41b	Server is running to MongoDB on ac-1lem4aa-shard-00-00.hpttz2v.mongodb.net:4000
20240923	21:57:32	383de233-0002-4fa0-96fb-c7a092ec0010	Server is running to MongoDB on ac-1lem4aa-shard-00-01.hpttz2v.mongodb.net:4000
20240923	21:58:03	1bbb67c3-a90d-4dda-977b-53b010f0190c	Server is running to MongoDB on ac-1lem4aa-shard-00-02.hpttz2v.mongodb.net:4000
20240923	22:00:30	249494dc-e163-4378-b128-b6f021975dd1	Server is running to MongoDB on ac-1lem4aa-shard-00-00.hpttz2v.mongodb.net:4000
20240923	22:01:53	da93aab5-093b-45da-9e0a-4048f13ed25f	Server is running to MongoDB on ac-1lem4aa-shard-00-01.hpttz2v.mongodb.net:4000
20240923	22:03:00	60a59db3-d7f8-4a1d-b3df-6df6d3e826c2	Server is running to MongoDB on ac-1lem4aa-shard-00-02.hpttz2v.mongodb.net:4000
20240923	22:08:56	7fb11ede-9ef8-4c3b-885e-f58b71ab1fdb	Server is running to MongoDB on ac-1lem4aa-shard-00-01.hpttz2v.mongodb.net:4000
20240924	14:40:59	eb61fe20-c5bf-49f7-86c1-a3e978872eef	Server is running to MongoDB on ac-1lem4aa-shard-00-00.hpttz2v.mongodb.net:4000
20240924	14:47:14	b12dfd38-4411-4674-9194-e85e038b2b8d	Server is running to MongoDB on ac-1lem4aa-shard-00-00.hpttz2v.mongodb.net:4000
20240924	14:49:15	103d5c90-9d81-4af4-b74b-775a89be42fa	Server is running to MongoDB on ac-1lem4aa-shard-00-00.hpttz2v.mongodb.net:4000
20240924	14:50:39	ec5f9740-da83-4f61-9bc7-b540200c73dd	Server is running to MongoDB on ac-1lem4aa-shard-00-00.hpttz2v.mongodb.net:4000
20240924	14:51:28	9736ead9-72aa-417b-bf50-275a6b4e4d03	Server is running to MongoDB on ac-1lem4aa-shard-00-00.hpttz2v.mongodb.net:4000
20240924	14:51:54	c411f69d-220f-4d01-8877-8ec502434839	Server is running to MongoDB on ac-1lem4aa-shard-00-00.hpttz2v.mongodb.net:4000
20240924	14:53:04	2ac704a5-2f32-40c4-b75f-3e8d5c30006c	Server is running to MongoDB on ac-1lem4aa-shard-00-00.hpttz2v.mongodb.net:4000
20240924	14:53:54	bcf7e929-e25d-4ad0-b1ec-5e372937c1a1	Server is running to MongoDB on ac-1lem4aa-shard-00-00.hpttz2v.mongodb.net:4000
20240924	14:55:17	9fedfef2-0986-4347-b750-c7146ba2ee37	Server is running to MongoDB on ac-1lem4aa-shard-00-00.hpttz2v.mongodb.net:4000
20240924	14:56:56	f2a1d699-1fc4-41c9-9f01-49cf1cbc26f9	Server is running to MongoDB on ac-1lem4aa-shard-00-00.hpttz2v.mongodb.net:4000
20240924	15:06:14	63791b6e-96e9-4ff2-8e65-09ecc2381ca0	Server is running to MongoDB on ac-1lem4aa-shard-00-00.hpttz2v.mongodb.net:4000
20240924	15:07:20	b9c390f3-32dd-4533-bfe5-3c12618db8d5	Server is running to MongoDB on ac-1lem4aa-shard-00-02.hpttz2v.mongodb.net:4000
20240924	15:07:31	ea0e4806-fd33-4522-9095-56cb85716a08	Server is running to MongoDB on ac-1lem4aa-shard-00-01.hpttz2v.mongodb.net:4000
20240924	15:08:03	590be137-4c61-438c-b1cb-9d466465c88c	Server is running to MongoDB on ac-1lem4aa-shard-00-01.hpttz2v.mongodb.net:4000
20240924	15:08:59	275cf54d-5318-4f61-aeaa-85f219b2cff1	Server is running to MongoDB on ac-1lem4aa-shard-00-02.hpttz2v.mongodb.net:4000
20240924	15:10:14	781e444a-5d05-448d-bedd-6ecc8603c418	Server is running to MongoDB on ac-1lem4aa-shard-00-00.hpttz2v.mongodb.net:4000
20240924	15:11:11	d8392684-a98c-4532-97e5-a30c4a2561b8	Server is running to MongoDB on ac-1lem4aa-shard-00-02.hpttz2v.mongodb.net:4000
20240924	15:12:13	ad2cfb6a-d7f8-44f2-b37a-79f50897508d	Server is running to MongoDB on ac-1lem4aa-shard-00-02.hpttz2v.mongodb.net:4000
20240924	15:12:39	13998fb0-be03-49d7-8735-97fed060443d	Server is running to MongoDB on ac-1lem4aa-shard-00-02.hpttz2v.mongodb.net:4000
20240924	15:15:28	cb01f343-11f1-428f-ad01-78375941b3da	Server is running to MongoDB on ac-1lem4aa-shard-00-01.hpttz2v.mongodb.net:4000
20240924	15:15:41	f14387ac-d392-4b50-8641-1d60a374ebfa	Server is running to MongoDB on ac-1lem4aa-shard-00-02.hpttz2v.mongodb.net:4000
20240924	15:17:27	babe83a5-ed66-4f5f-9f2a-097e8fbab80a	Server is running to MongoDB on ac-1lem4aa-shard-00-02.hpttz2v.mongodb.net:4000
20240924	15:19:07	b59fb881-f895-4cfc-b628-bf868b5b2cc7	Server is running to MongoDB on ac-1lem4aa-shard-00-02.hpttz2v.mongodb.net:4000
