20240914	00:33:33	37909f87-d76c-48d8-9b28-6dd511db0ee3	GET	/api/v2/users	undefined
20240914	08:14:39	6a1ef9fd-d4ef-499a-a02a-7ab683e6137a	GET	/api/v2/users	undefined
20240914	08:17:46	7937544c-0e89-4add-8da9-ee98af3923db	POST	/api/v2/users	undefined
20240914	08:19:17	f3562aa0-6c7f-4689-bf0a-216130139b71	POST	/api/v2/users	undefined
20240914	08:20:43	add3d110-7c85-47bc-9c80-4eb99718bf8f	POST	/api/v2/users	undefined
20240914	08:21:49	9f460735-e883-45d7-8e1a-946aa5c89be2	POST	/api/v2/users	undefined
20240914	08:21:54	b5cbcef3-4796-480d-9e3f-219108068a7f	POST	/api/v2/users	undefined
20240914	08:22:27	da05c426-da7e-445c-8ea9-c6226aa16352	POST	/api/v2/users	undefined
20240914	08:22:53	8430f72f-2d29-40c6-b465-3f4bd5b5bc7e	POST	/api/v2/users	undefined
20240914	08:24:27	c90baf29-c89b-4ab6-93ea-4803674b0a35	POST	/api/v2/users	undefined
20240914	08:26:03	c7ab9c14-b68c-473a-9cd3-02b3c284884b	POST	/api/v2/users	undefined
20240914	08:26:43	cd3debc8-73eb-4e94-b378-a8b58aa85fa9	POST	/api/v2/users	undefined
20240914	08:29:04	2b4499ce-ea13-45a1-8e89-cd078de20a72	POST	/api/v2/users	undefined
20240914	08:29:10	5d361bbb-009a-4895-a3dc-01e9204e78d7	POST	/api/v2/users	undefined
20240914	08:31:43	e1932733-edcb-4273-a0f7-49d6c1f0be43	POST	/api/v2/users	undefined
20240914	08:33:24	5be207e0-f6a7-460a-8e64-e89fd34eeb0f	POST	/api/v2/users	undefined
20240914	08:33:43	afba2d5a-6709-47f9-a68e-8a9e0d440912	POST	/api/v2/users	undefined
20240914	08:34:20	8600da58-7bc3-419a-ba89-6486a50d07c6	POST	/api/v2/users	undefined
20240914	08:34:57	ce10d1b2-ee11-475c-929b-3d54a2439122	POST	/api/v2/users	undefined
20240914	08:41:36	db85e47d-f848-483e-8b64-107bcd68b8dd	POST	/api/v2/users	undefined
20240914	08:43:12	d2cafe3f-95db-42f0-89bf-170ba4737520	POST	/api/v2/users	undefined
20240914	08:43:39	7cc15ab3-2e2b-40d4-bb1c-d2f507121cfe	POST	/api/v2/users	undefined
20240914	08:44:07	711e2416-3a7c-4caf-8af5-a615606031c2	POST	/api/v2/users	undefined
20240914	08:44:32	2df810a4-68de-4fa4-9d48-5572afe39daf	POST	/api/v2/users	undefined
20240914	08:45:23	1de85fcb-83bf-4b47-bbb4-db0626502364	POST	/api/v2/users	undefined
20240914	08:48:00	8d05f128-40c8-44ba-994b-08b6fd1e6b61	POST	/api/v2/users	undefined
20240914	08:48:17	8b58bf0c-0e59-4330-b0f4-a773bbddd779	POST	/api/v2/users	undefined
20240914	08:48:47	3cabbbaf-e3f5-4c69-9b46-5206f48b5015	POST	/api/v2/users	undefined
20240914	08:48:58	89c32dd2-a6bf-4152-b297-357e816f9d10	POST	/api/v2/users	undefined
20240914	08:56:36	8880aa2c-2886-49f9-869c-8ecfb9727d3b	POST	/api/v2/users	undefined
20240914	08:57:23	b68f9165-7456-470d-8231-6b77e29252ad	POST	/api/v2/users	undefined
20240914	08:57:51	5a5a9b00-5d4b-48cb-922b-da0cbeb53500	POST	/api/v2/users	undefined
20240914	09:04:51	d42fef11-ccca-439f-96db-248b27191751	POST	/api/v2/users	undefined
20240914	09:05:09	fa525bac-b096-4a2d-9012-45b546b0e627	POST	/api/v2/users	undefined
20240914	09:05:26	7bc1502e-e3fa-4cf3-b97a-c8b301d7f5e3	POST	/api/v2/users	undefined
20240914	09:08:10	4e71b458-51ec-413e-814a-09e1f65acb60	POST	/api/v2/users	undefined
20240914	09:09:20	f72170af-4a39-45e4-93fa-30e8f44b7aa9	POST	/api/v2/users	undefined
20240914	09:09:43	444de6d5-b579-413c-b1ef-0205ac31eadb	POST	/api/v2/users	undefined
20240914	09:10:15	0c297757-6d3f-4e42-83da-e421f687985a	POST	/api/v2/users	undefined
20240914	09:12:26	7d102f0f-e751-431d-aa64-874160477a21	POST	/api/v2/users	undefined
20240914	09:14:15	39de870c-c460-404e-ba5c-b10b409fc9ac	POST	/api/v2/users	undefined
20240914	09:14:34	8ec4c696-8a0a-40fd-8284-a03d14371304	POST	/api/v2/users	undefined
20240914	09:14:48	43b9bb78-9f8a-40d1-919d-443512712317	POST	/api/v2/users	undefined
20240914	09:18:02	37a40156-fe46-47a9-be1e-8d6388410f8d	POST	/api/v2/users	undefined
20240914	09:19:00	29dec6c5-3b3e-4cf3-8217-146081ba1c94	POST	/api/v2/users	undefined
20240914	09:20:14	596fe02c-ed72-4cb2-8717-ab3b9fbf7c47	POST	/api/v2/users	undefined
20240914	09:22:23	f7f478d4-32a0-4e89-a3a7-acb127c3df5a	POST	/api/v2/users	undefined
20240914	09:23:35	542e45a1-8802-4c8c-a554-c5d821a194c1	POST	/api/v2/users	undefined
20240914	09:23:48	b6816859-0e4c-4893-9104-40a8584342dc	POST	/api/v2/users	undefined
20240914	09:25:20	8fb22627-edfa-4399-bf89-aba1cb990135	POST	/api/v2/users	undefined
20240914	09:25:55	86d4d9b3-492a-4c16-af93-8411ad90268e	POST	/api/v2/users	undefined
20240914	09:26:55	59f14689-caa7-47df-8cf8-2ac5919b84d3	POST	/api/v2/users	undefined
20240914	09:29:32	f9470241-8209-430d-ae99-72216ac04b66	POST	/api/v2/users	undefined
20240914	09:33:06	ae6e4bb8-3bce-4846-96fb-86a3dd25614e	POST	/api/v2/users	undefined
20240914	09:34:25	741ebd4f-9ac1-4498-a49a-e8b01b99cf2d	POST	/api/v2/users	undefined
20240914	09:36:27	2b5b82b3-61df-4516-81e2-dab38c6dca55	POST	/api/v2/users	undefined
20240914	09:48:52	aa4e247a-1045-45e6-aa2a-09c6241aeb9f	POST	/api/v2/users	undefined
20240914	09:49:23	9d9d4cae-4b43-4892-86d6-584b6a207165	POST	/api/v2/users	undefined
20240914	09:50:21	8d8f2282-cbbe-45ab-b783-ae3a93783184	POST	/api/v2/users	undefined
20240914	09:50:34	37fa52cb-ddca-48f9-8b0b-3216c0093f99	POST	/api/v2/users	undefined
20240914	09:50:58	ff48de2d-830f-47d2-bacb-7908af972d7b	POST	/api/v2/users	undefined
20240914	09:51:49	59836397-fd58-46e1-860b-e45b4b46243b	POST	/api/v2/users	undefined
20240914	09:52:34	7d7a9d6d-b67e-452e-8192-935909ef00e6	POST	/api/v2/users	undefined
20240914	10:37:42	ecfd3ff3-9b79-4d5b-abd8-7c3bb3049cad	POST	/api/v2/users	undefined
20240914	10:38:04	e3162ae0-9418-46f1-8af8-bd7be0e40e93	POST	/api/v2/users	undefined
20240914	10:38:56	7b8c55a8-0fe3-464e-bbed-876dbb0ed1c9	POST	/api/v2/users	undefined
20240914	10:43:33	74170003-6f3b-4171-ac03-4695aebfc47b	POST	/api/v2/users	undefined
20240914	10:44:32	d4d993dd-bcae-4cfd-82df-e8d129f6d0f3	POST	/api/v2/users	undefined
20240914	10:45:31	01effe40-0973-48e8-a3d4-e3939bde1b5e	POST	/api/v2/users	undefined
20240914	10:47:21	cdfc6658-fa72-44f2-a23f-080eb2f7c749	POST	/api/v2/users	undefined
20240914	10:48:37	1ab7cc32-aaca-4a33-9c74-02b9181a369a	POST	/api/v2/users	undefined
20240914	10:48:57	53aed438-902d-407c-b9a9-bbb46507b5ee	POST	/api/v2/users	undefined
20240914	10:49:26	5f3444d7-0607-4b78-b656-cce1712578d6	POST	/api/v2/users	undefined
20240914	10:53:02	9b76b37f-017a-4b5f-9698-d4ddea7a7006	POST	/api/v2/users	undefined
20240915	20:42:47	303e0782-7977-4895-b5a5-1ad84c779245	POST	/api/v2/login	undefined
