20241013	20:12:57	963fbdf2-65aa-4ece-8923-a69605081f67	Too Many Requests: Too many login attempts from this IP, please try again after a 60 second pause	POST	/signin	undefined
20241013	20:13:00	09884826-15cb-497f-ab85-0d2fb3616b74	Too Many Requests: Too many login attempts from this IP, please try again after a 60 second pause	POST	/signin	undefined
20241102	22:56:36	1c069c86-e9b9-440b-930e-49c9de9aa696	Too Many Requests: Too many login attempts from this IP, please try again after a 60 second pause	POST	/signin	undefined
20241109	16:50:37	40e5dd5f-4a69-4a1b-9351-2750dd877f82	Too Many Requests: Too many login attempts from this IP, please try again after a 60 second pause	POST	/signin	undefined
20241109	16:50:37	51359a7c-2e03-4d0e-ba49-79084c541498	Too Many Requests: Too many login attempts from this IP, please try again after a 60 second pause	POST	/signin	undefined
20241109	16:50:38	46fd31bd-63da-4be9-8f92-6bfc997aa839	Too Many Requests: Too many login attempts from this IP, please try again after a 60 second pause	POST	/signin	undefined
20241109	20:55:08	ab96c3fd-529d-4a35-ae7e-7adc6c5c016a	Too Many Requests: Too many login attempts from this IP, please try again after a 60 second pause	POST	/signin	undefined
20241109	20:55:08	3ac43a16-8744-45fe-a174-338a9d803706	Too Many Requests: Too many login attempts from this IP, please try again after a 60 second pause	POST	/signin	undefined
20241109	20:55:08	5c897901-215d-4ee8-907d-4719b5d03781	Too Many Requests: Too many login attempts from this IP, please try again after a 60 second pause	POST	/signin	undefined
20241109	20:55:08	f41f4272-1218-4882-a26d-6677ed912026	Too Many Requests: Too many login attempts from this IP, please try again after a 60 second pause	POST	/signin	undefined
20241109	20:55:08	02a960f1-5097-4d1a-a55d-916cae8f20f8	Too Many Requests: Too many login attempts from this IP, please try again after a 60 second pause	POST	/signin	undefined
20241109	20:55:08	dab57ca4-c940-401e-afef-d2f15598a6db	Too Many Requests: Too many login attempts from this IP, please try again after a 60 second pause	POST	/signin	undefined
20241109	20:55:08	c09bd78a-ecbc-41a9-96c4-96418765e167	Too Many Requests: Too many login attempts from this IP, please try again after a 60 second pause	POST	/signin	undefined
20241109	20:55:08	885aef5f-42ca-4859-bd5b-67ce339757be	Too Many Requests: Too many login attempts from this IP, please try again after a 60 second pause	POST	/signin	undefined
20241109	20:55:08	a838ff29-5605-4508-abd3-16d93229fb52	Too Many Requests: Too many login attempts from this IP, please try again after a 60 second pause	POST	/signin	undefined
20241109	20:55:08	6ab4ce92-f822-43cd-b1fe-1ef5aca9713d	Too Many Requests: Too many login attempts from this IP, please try again after a 60 second pause	POST	/signin	undefined
20241109	20:55:08	6de95fe4-f452-411a-9616-1ece73d2f549	Too Many Requests: Too many login attempts from this IP, please try again after a 60 second pause	POST	/signin	undefined
20241109	20:55:08	2f71bd3f-e3b7-4adf-8b1d-ed9e6af25d02	Too Many Requests: Too many login attempts from this IP, please try again after a 60 second pause	POST	/signin	undefined
20241109	20:55:08	44034d1b-0694-458c-ab06-026cd31713cb	Too Many Requests: Too many login attempts from this IP, please try again after a 60 second pause	POST	/signin	undefined
20241109	20:55:08	4de2c535-f9ac-4e3a-aa53-7715e938fe59	Too Many Requests: Too many login attempts from this IP, please try again after a 60 second pause	POST	/signin	undefined
20241109	20:55:08	099709be-a5be-4424-af25-3b89eddec908	Too Many Requests: Too many login attempts from this IP, please try again after a 60 second pause	POST	/signin	undefined
20241109	20:55:08	267876dd-b27c-4f47-b125-49c2a0f1f803	Too Many Requests: Too many login attempts from this IP, please try again after a 60 second pause	POST	/signin	undefined
20241109	20:55:08	a1c258b3-a143-4602-902a-e9121f37903b	Too Many Requests: Too many login attempts from this IP, please try again after a 60 second pause	POST	/signin	undefined
20241109	20:55:08	3f8ecf75-b7ff-4a57-982a-af2c0b348f93	Too Many Requests: Too many login attempts from this IP, please try again after a 60 second pause	POST	/signin	undefined
20241109	20:55:08	ce822808-845d-4e4c-88e2-c44e4baeea3a	Too Many Requests: Too many login attempts from this IP, please try again after a 60 second pause	POST	/signin	undefined
20241109	20:55:08	cee02946-d31b-49cd-ba6c-9ac5400dbd11	Too Many Requests: Too many login attempts from this IP, please try again after a 60 second pause	POST	/signin	undefined
20241109	20:55:08	3201aa89-ef58-4dcd-bc3f-b69a43ece097	Too Many Requests: Too many login attempts from this IP, please try again after a 60 second pause	POST	/signin	undefined
20241109	20:55:08	733cfe1c-38d5-4c5c-acfe-d9b86598c6af	Too Many Requests: Too many login attempts from this IP, please try again after a 60 second pause	POST	/signin	undefined
20241109	20:55:08	f834d28e-7813-4930-8e6a-2f4346a07b9d	Too Many Requests: Too many login attempts from this IP, please try again after a 60 second pause	POST	/signin	undefined
20241109	20:55:08	0ce82932-1a2e-47f3-9acc-932ff1e97b61	Too Many Requests: Too many login attempts from this IP, please try again after a 60 second pause	POST	/signin	undefined
20241109	20:55:08	849572da-e800-4d3b-8415-7ad6374edcdd	Too Many Requests: Too many login attempts from this IP, please try again after a 60 second pause	POST	/signin	undefined
20241109	20:55:08	645e9772-dcd0-481b-9ff4-ac7f19e728f2	Too Many Requests: Too many login attempts from this IP, please try again after a 60 second pause	POST	/signin	undefined
20241109	20:55:08	86047b77-9dec-47bd-839c-ee079f49132f	Too Many Requests: Too many login attempts from this IP, please try again after a 60 second pause	POST	/signin	undefined
20241109	20:55:08	586ba677-342a-43eb-ab71-dbdb2c9d0fbe	Too Many Requests: Too many login attempts from this IP, please try again after a 60 second pause	POST	/signin	undefined
20241109	20:55:08	a731274b-acb2-4cbb-83fb-a64546fb4bb6	Too Many Requests: Too many login attempts from this IP, please try again after a 60 second pause	POST	/signin	undefined
20241109	20:55:08	8ceb9f8c-d519-4cf0-a44b-1bb0016a9b07	Too Many Requests: Too many login attempts from this IP, please try again after a 60 second pause	POST	/signin	undefined
20241109	20:55:08	df9b63a3-76fc-4c01-94b0-fba548706586	Too Many Requests: Too many login attempts from this IP, please try again after a 60 second pause	POST	/signin	undefined
20241109	20:55:08	ad67855b-dc8a-4e2e-a9de-eb32a65b9d25	Too Many Requests: Too many login attempts from this IP, please try again after a 60 second pause	POST	/signin	undefined
20241109	20:55:08	817402a8-62e2-4b6a-aeba-21be6f29c187	Too Many Requests: Too many login attempts from this IP, please try again after a 60 second pause	POST	/signin	undefined
20241109	20:55:08	ded2f8f9-157f-4a69-bb56-a1d7ae380d11	Too Many Requests: Too many login attempts from this IP, please try again after a 60 second pause	POST	/signin	undefined
20241109	20:55:08	fb401075-1cd6-4e3f-9e28-0ffdd9d42d2c	Too Many Requests: Too many login attempts from this IP, please try again after a 60 second pause	POST	/signin	undefined
20241109	20:55:08	3aefa789-0238-4ba8-a2a0-3769056637f9	Too Many Requests: Too many login attempts from this IP, please try again after a 60 second pause	POST	/signin	undefined
20241109	20:55:08	b248b0b8-1feb-4d83-a96f-8369bc993e75	Too Many Requests: Too many login attempts from this IP, please try again after a 60 second pause	POST	/signin	undefined
20241109	20:55:08	e3e8a376-8d7e-4274-a8e8-b388168d69da	Too Many Requests: Too many login attempts from this IP, please try again after a 60 second pause	POST	/signin	undefined
20241109	20:55:08	01d49cf8-15e2-40bd-b246-ce9725d94393	Too Many Requests: Too many login attempts from this IP, please try again after a 60 second pause	POST	/signin	undefined
20241109	20:55:08	659cbf73-c14e-4c7c-a7bd-ed29d3206bff	Too Many Requests: Too many login attempts from this IP, please try again after a 60 second pause	POST	/signin	undefined
20241109	20:55:08	2577b38d-59b5-4998-bfd7-80e9e641da3c	Too Many Requests: Too many login attempts from this IP, please try again after a 60 second pause	POST	/signin	undefined
20241109	20:55:08	dc03e01d-f88f-4a40-a570-7555cb2dbaa8	Too Many Requests: Too many login attempts from this IP, please try again after a 60 second pause	POST	/signin	undefined
20241109	20:55:08	c2b4fc3c-97be-4b5c-b182-4354993d603e	Too Many Requests: Too many login attempts from this IP, please try again after a 60 second pause	POST	/signin	undefined
20241109	20:55:08	7e3483a5-dd90-4626-8fce-8e2ee852a9b9	Too Many Requests: Too many login attempts from this IP, please try again after a 60 second pause	POST	/signin	undefined
20241109	20:55:09	c8cb3e1c-3728-4ac0-a944-f79ccfc17e63	Too Many Requests: Too many login attempts from this IP, please try again after a 60 second pause	POST	/signin	undefined
20241109	20:55:09	6d91b252-2d7a-434e-bc1a-3e11ce9d8f1c	Too Many Requests: Too many login attempts from this IP, please try again after a 60 second pause	POST	/signin	undefined
20241109	20:55:09	a3fa95b1-d85b-4f43-832d-a0165fa616d7	Too Many Requests: Too many login attempts from this IP, please try again after a 60 second pause	POST	/signin	undefined
20241109	20:55:09	aac0e679-b1be-4c4d-a306-c1f9e5b0e833	Too Many Requests: Too many login attempts from this IP, please try again after a 60 second pause	POST	/signin	undefined
20241109	20:55:09	d315d4d0-7099-4cbb-b7cf-b48844f594ad	Too Many Requests: Too many login attempts from this IP, please try again after a 60 second pause	POST	/signin	undefined
20241109	20:55:09	ce793744-2990-4951-8ef0-1b22e764ee3c	Too Many Requests: Too many login attempts from this IP, please try again after a 60 second pause	POST	/signin	undefined
20241109	20:55:09	19ce2e81-9760-43a4-938f-7ca9035e2128	Too Many Requests: Too many login attempts from this IP, please try again after a 60 second pause	POST	/signin	undefined
20241109	20:55:09	a480f867-c11d-4586-b8d3-62041893ed3c	Too Many Requests: Too many login attempts from this IP, please try again after a 60 second pause	POST	/signin	undefined
20241109	20:55:09	d851c1cf-93ba-41f4-a9ae-d5736f83327c	Too Many Requests: Too many login attempts from this IP, please try again after a 60 second pause	POST	/signin	undefined
20241109	20:55:09	29f893a6-68d1-4090-9187-d3dbc3dac2c3	Too Many Requests: Too many login attempts from this IP, please try again after a 60 second pause	POST	/signin	undefined
20241109	20:55:09	ab1a1150-00f6-44c9-b67e-36bd35586862	Too Many Requests: Too many login attempts from this IP, please try again after a 60 second pause	POST	/signin	undefined
20241109	20:55:09	644504fb-7381-4167-894b-9e7b6a9070b0	Too Many Requests: Too many login attempts from this IP, please try again after a 60 second pause	POST	/signin	undefined
20241109	20:55:09	fb270e48-583a-4d61-8ce8-21f9d0206f2c	Too Many Requests: Too many login attempts from this IP, please try again after a 60 second pause	POST	/signin	undefined
20241109	20:55:09	efcf216e-3da1-445c-af5b-92a9f7490847	Too Many Requests: Too many login attempts from this IP, please try again after a 60 second pause	POST	/signin	undefined
20241109	20:55:09	eee766f6-8629-40bc-9d5d-2db3e6930e07	Too Many Requests: Too many login attempts from this IP, please try again after a 60 second pause	POST	/signin	undefined
20241109	20:55:09	688edf52-b34f-47ab-963d-80be605ee798	Too Many Requests: Too many login attempts from this IP, please try again after a 60 second pause	POST	/signin	undefined
20241109	20:55:09	088b23b1-edd1-4895-b8c8-ab9a94633c9a	Too Many Requests: Too many login attempts from this IP, please try again after a 60 second pause	POST	/signin	undefined
20241109	20:55:09	b382715d-77b4-4d1e-979f-1819da51ae2f	Too Many Requests: Too many login attempts from this IP, please try again after a 60 second pause	POST	/signin	undefined
20241109	20:55:09	62465af7-564b-469a-a48b-5bfb22971e4e	Too Many Requests: Too many login attempts from this IP, please try again after a 60 second pause	POST	/signin	undefined
20241109	20:55:09	849c325c-bbb4-4d44-b435-a8cc02ca3fda	Too Many Requests: Too many login attempts from this IP, please try again after a 60 second pause	POST	/signin	undefined
20241109	20:55:09	5b5e0490-3139-4b00-aa8a-16fb0bd7c7c1	Too Many Requests: Too many login attempts from this IP, please try again after a 60 second pause	POST	/signin	undefined
20241109	20:55:09	7e3921e4-a513-4220-a4f0-c24ef6b2766e	Too Many Requests: Too many login attempts from this IP, please try again after a 60 second pause	POST	/signin	undefined
20241109	20:55:09	9568c355-177f-47a7-9869-c3b27433e000	Too Many Requests: Too many login attempts from this IP, please try again after a 60 second pause	POST	/signin	undefined
20241109	20:55:09	c676cc36-4441-4577-97ba-f633423e7e74	Too Many Requests: Too many login attempts from this IP, please try again after a 60 second pause	POST	/signin	undefined
20241109	20:55:09	6f9cd36b-92e2-442e-b700-a7cb1a8e00d3	Too Many Requests: Too many login attempts from this IP, please try again after a 60 second pause	POST	/signin	undefined
20241109	20:55:09	9a9f843d-7028-4be0-81b8-233a2229ed64	Too Many Requests: Too many login attempts from this IP, please try again after a 60 second pause	POST	/signin	undefined
20241109	20:55:09	620d3a44-ba98-4248-a56a-e59edea7a599	Too Many Requests: Too many login attempts from this IP, please try again after a 60 second pause	POST	/signin	undefined
20241109	20:55:09	a1e70b23-a725-4b75-b81a-d885d1cbd0a1	Too Many Requests: Too many login attempts from this IP, please try again after a 60 second pause	POST	/signin	undefined
20241109	20:55:09	1dea9b05-7d7f-4486-a125-aa0d6e559d3b	Too Many Requests: Too many login attempts from this IP, please try again after a 60 second pause	POST	/signin	undefined
20241109	20:55:09	4b9d828a-2658-401e-892c-3631995a15f3	Too Many Requests: Too many login attempts from this IP, please try again after a 60 second pause	POST	/signin	undefined
20241109	20:58:34	ffbec82a-d162-4d6c-aa04-2fb42a0f68c3	Too Many Requests: Too many login attempts from this IP, please try again after a 60 second pause	POST	/signin	undefined
20241109	20:58:34	27f0e15f-8a49-4eca-8991-f3bb185f0dca	Too Many Requests: Too many login attempts from this IP, please try again after a 60 second pause	POST	/signin	undefined
20241109	20:58:34	6ab58ac4-c9d4-4bf6-a590-4612d241d352	Too Many Requests: Too many login attempts from this IP, please try again after a 60 second pause	POST	/signin	undefined
20241109	20:58:34	b248c731-943f-4bd6-bdea-84474b4ce6f7	Too Many Requests: Too many login attempts from this IP, please try again after a 60 second pause	POST	/signin	undefined
20241109	20:58:34	c927dd14-2eee-4d79-899c-ac7cf5791b09	Too Many Requests: Too many login attempts from this IP, please try again after a 60 second pause	POST	/signin	undefined
20241109	20:58:34	990681bc-bbf7-4292-9e7e-489cd9f69944	Too Many Requests: Too many login attempts from this IP, please try again after a 60 second pause	POST	/signin	undefined
20241109	20:58:34	eb4584e1-50c1-4702-a697-e4cfbeaf371e	Too Many Requests: Too many login attempts from this IP, please try again after a 60 second pause	POST	/signin	undefined
20241109	20:58:34	93ad9c32-dcae-4e93-bba6-7bf88258a0a8	Too Many Requests: Too many login attempts from this IP, please try again after a 60 second pause	POST	/signin	undefined
20241109	20:58:34	885c7cef-5c26-434d-9f8f-b2e0de315a88	Too Many Requests: Too many login attempts from this IP, please try again after a 60 second pause	POST	/signin	undefined
20241109	20:58:34	a76f01fe-02fd-4178-84ef-5e27a7d6e734	Too Many Requests: Too many login attempts from this IP, please try again after a 60 second pause	POST	/signin	undefined
20241109	20:58:34	6610abe7-062c-4c19-bc17-da6192b7c4e5	Too Many Requests: Too many login attempts from this IP, please try again after a 60 second pause	POST	/signin	undefined
20241109	20:58:34	35a342df-b77b-48d0-9431-246a3d7cbf65	Too Many Requests: Too many login attempts from this IP, please try again after a 60 second pause	POST	/signin	undefined
20241109	20:58:34	e9635b19-faca-4a26-887a-8011717aa34d	Too Many Requests: Too many login attempts from this IP, please try again after a 60 second pause	POST	/signin	undefined
20241109	20:58:34	f42e7157-c806-4e12-9c39-f7bff907ec2c	Too Many Requests: Too many login attempts from this IP, please try again after a 60 second pause	POST	/signin	undefined
20241109	20:58:34	029aa291-d3ab-470d-b096-2cd73c309b26	Too Many Requests: Too many login attempts from this IP, please try again after a 60 second pause	POST	/signin	undefined
20241109	20:58:35	84ba8463-4d9a-42ac-8074-45417506ef02	Too Many Requests: Too many login attempts from this IP, please try again after a 60 second pause	POST	/signin	undefined
20241109	20:58:35	d26a1422-9068-485a-83e5-5c838d5a48e2	Too Many Requests: Too many login attempts from this IP, please try again after a 60 second pause	POST	/signin	undefined
20241109	20:58:35	7a02af9b-3565-4380-b2db-af447a52146d	Too Many Requests: Too many login attempts from this IP, please try again after a 60 second pause	POST	/signin	undefined
20241109	20:58:35	8a9eb098-7f4b-4356-8ecc-ac09def02ae4	Too Many Requests: Too many login attempts from this IP, please try again after a 60 second pause	POST	/signin	undefined
20241109	20:58:35	e75f1066-f065-4a69-93ca-310ce156da2a	Too Many Requests: Too many login attempts from this IP, please try again after a 60 second pause	POST	/signin	undefined
20241109	20:58:35	3ebb593e-ccee-4e28-93d0-9603b68d5f27	Too Many Requests: Too many login attempts from this IP, please try again after a 60 second pause	POST	/signin	undefined
20241109	20:58:35	631a17a2-26c0-49ba-80c2-8678335f716a	Too Many Requests: Too many login attempts from this IP, please try again after a 60 second pause	POST	/signin	undefined
20241109	20:58:35	ce9be449-ec1e-45b7-9180-9eea5c19d087	Too Many Requests: Too many login attempts from this IP, please try again after a 60 second pause	POST	/signin	undefined
20241109	20:58:35	fa038887-a002-478a-9a3f-8a72e6d28f94	Too Many Requests: Too many login attempts from this IP, please try again after a 60 second pause	POST	/signin	undefined
20241109	20:58:35	d9871fc3-fed4-4d7c-948e-01472a06e57d	Too Many Requests: Too many login attempts from this IP, please try again after a 60 second pause	POST	/signin	undefined
20241109	20:58:35	560eb21a-26ee-424d-a4d9-eb0be6e10949	Too Many Requests: Too many login attempts from this IP, please try again after a 60 second pause	POST	/signin	undefined
20241109	20:58:35	e41be573-2e32-422a-ab70-3272cb7688de	Too Many Requests: Too many login attempts from this IP, please try again after a 60 second pause	POST	/signin	undefined
20241109	20:58:35	d3f2b0d8-740d-4f44-b87d-b03f894fb872	Too Many Requests: Too many login attempts from this IP, please try again after a 60 second pause	POST	/signin	undefined
20241109	20:58:35	e41de4fc-8e7c-40ea-ba19-e8036a589d68	Too Many Requests: Too many login attempts from this IP, please try again after a 60 second pause	POST	/signin	undefined
20241109	20:58:35	16812bfa-c60b-4b33-b582-a6cad71dfc52	Too Many Requests: Too many login attempts from this IP, please try again after a 60 second pause	POST	/signin	undefined
20241109	20:58:35	1c2ea492-95bc-46ee-8987-d4b2b5afdfdf	Too Many Requests: Too many login attempts from this IP, please try again after a 60 second pause	POST	/signin	undefined
20241109	20:58:35	69ce84f7-1c46-4b79-9d8f-2546fc4e1d96	Too Many Requests: Too many login attempts from this IP, please try again after a 60 second pause	POST	/signin	undefined
20241109	20:58:35	b6207509-e333-484d-94c9-8b1e9b0803a6	Too Many Requests: Too many login attempts from this IP, please try again after a 60 second pause	POST	/signin	undefined
20241109	20:58:35	377e7470-b4f6-4790-98e1-26af05badf4b	Too Many Requests: Too many login attempts from this IP, please try again after a 60 second pause	POST	/signin	undefined
20241109	20:58:35	ec861048-558c-46c5-bfd7-0ada68427066	Too Many Requests: Too many login attempts from this IP, please try again after a 60 second pause	POST	/signin	undefined
20241109	20:58:35	55c18640-2367-4cc3-b7b2-629a7c9c30ef	Too Many Requests: Too many login attempts from this IP, please try again after a 60 second pause	POST	/signin	undefined
20241109	20:58:35	dda7e03f-3bf4-4d54-9bca-8e62b621d6b3	Too Many Requests: Too many login attempts from this IP, please try again after a 60 second pause	POST	/signin	undefined
20241109	20:58:35	45c9ce02-f965-4449-894c-00642c7733b5	Too Many Requests: Too many login attempts from this IP, please try again after a 60 second pause	POST	/signin	undefined
20241109	20:58:35	e1de9d82-fc80-4c33-821d-2e1f9f9e2651	Too Many Requests: Too many login attempts from this IP, please try again after a 60 second pause	POST	/signin	undefined
20241109	20:58:35	830b676c-4011-4338-9335-e74d4557ab81	Too Many Requests: Too many login attempts from this IP, please try again after a 60 second pause	POST	/signin	undefined
20241109	20:58:35	d9624205-86ea-4a3f-94c8-8c790f1ca183	Too Many Requests: Too many login attempts from this IP, please try again after a 60 second pause	POST	/signin	undefined
20241109	20:58:35	27494681-16fe-4e21-be96-053b466d97d8	Too Many Requests: Too many login attempts from this IP, please try again after a 60 second pause	POST	/signin	undefined
20241109	20:58:35	5fc3b32a-b624-49e5-ab91-10774ccff2b0	Too Many Requests: Too many login attempts from this IP, please try again after a 60 second pause	POST	/signin	undefined
20241109	20:58:35	38368dec-ae16-462f-9ef1-a129cde99323	Too Many Requests: Too many login attempts from this IP, please try again after a 60 second pause	POST	/signin	undefined
20241109	20:58:35	f8d290ab-e28b-45cd-813d-c97e61b0405d	Too Many Requests: Too many login attempts from this IP, please try again after a 60 second pause	POST	/signin	undefined
20241109	20:58:35	1ee7f8d2-ca3d-4f57-b00a-1b9978084098	Too Many Requests: Too many login attempts from this IP, please try again after a 60 second pause	POST	/signin	undefined
20241109	20:58:35	e22d730c-f1a3-4825-b746-6f86cc3650b5	Too Many Requests: Too many login attempts from this IP, please try again after a 60 second pause	POST	/signin	undefined
20241109	20:58:35	5dd52f09-c6d4-40bb-a2e2-94f46c6c21d0	Too Many Requests: Too many login attempts from this IP, please try again after a 60 second pause	POST	/signin	undefined
20241109	20:58:35	eaa131fa-26c7-4e09-bf98-c61e9a7dac63	Too Many Requests: Too many login attempts from this IP, please try again after a 60 second pause	POST	/signin	undefined
20241109	20:58:35	67485b04-540d-4d19-bcff-7b2abe38688b	Too Many Requests: Too many login attempts from this IP, please try again after a 60 second pause	POST	/signin	undefined
20241109	21:07:47	533c398c-4bb3-4f78-9c7b-f8d8843a91d5	Too Many Requests: Too many login attempts from this IP, please try again after a 60 second pause	POST	/signin	undefined
20241109	21:07:47	99a2edfd-0aa7-4634-b9cc-ff017e09a6c8	Too Many Requests: Too many login attempts from this IP, please try again after a 60 second pause	POST	/signin	undefined
20241204	13:05:27	043c7acc-1863-465e-8846-2e94e05be3ca	Too Many Requests: Too many login attempts from this IP, please try again after a 60 second pause	POST	/signin	undefined
20241204	13:05:37	c7402181-c9bc-49ec-9463-a9d8cf14922a	Too Many Requests: Too many login attempts from this IP, please try again after a 60 second pause	POST	/signin	undefined
20241204	13:38:58	8d027603-6b5f-4a1b-8d0e-3ed80290e306	Too Many Requests: Too many login attempts from this IP, please try again after a 60 second pause	POST	/signin	undefined
20241204	13:38:59	4b49eea8-6027-4ff7-9cdf-2326fc0218c8	Too Many Requests: Too many login attempts from this IP, please try again after a 60 second pause	POST	/signin	undefined
20241204	13:39:00	05bb2c50-d231-4e56-a487-eeacec2cb0f0	Too Many Requests: Too many login attempts from this IP, please try again after a 60 second pause	POST	/signin	undefined
20241204	13:39:07	420157e8-51fd-4142-882e-e8971b206d6b	Too Many Requests: Too many login attempts from this IP, please try again after a 60 second pause	POST	/signin	undefined
20241204	13:39:24	73b78d79-01a4-472d-86de-d56d666cdf4b	Too Many Requests: Too many login attempts from this IP, please try again after a 60 second pause	POST	/signin	undefined
20241204	13:39:35	1c1eff6e-e8b0-4c89-b738-086d4341609b	Too Many Requests: Too many login attempts from this IP, please try again after a 60 second pause	POST	/signin	undefined
